  [1m[36m (11.0ms)[0m  [1mCREATE TABLE "schema_migrations" ("version" varchar NOT NULL) [0m
  [1m[35m (0.1ms)[0m  select sqlite_version(*)
  [1m[36m (8.5ms)[0m  [1mCREATE UNIQUE INDEX "unique_schema_migrations" ON "schema_migrations" ("version")[0m
  [1m[35mActiveRecord::SchemaMigration Load (0.1ms)[0m  SELECT "schema_migrations".* FROM "schema_migrations"
Migrating to CreateUsers (20160910081248)
  [1m[36m (0.1ms)[0m  [1mbegin transaction[0m
  [1m[35m (0.2ms)[0m  CREATE TABLE "users" ("id" INTEGER PRIMARY KEY AUTOINCREMENT NOT NULL, "name" varchar, "email" varchar, "created_at" datetime NOT NULL, "updated_at" datetime NOT NULL) 
  [1m[36mSQL (0.1ms)[0m  [1mINSERT INTO "schema_migrations" ("version") VALUES (?)[0m  [["version", "20160910081248"]]
  [1m[35m (10.1ms)[0m  commit transaction
  [1m[36mActiveRecord::SchemaMigration Load (0.1ms)[0m  [1mSELECT "schema_migrations".* FROM "schema_migrations"[0m


Started GET "/" for 127.0.0.1 at 2016-09-10 15:13:10 +0700
  [1m[36mActiveRecord::SchemaMigration Load (0.1ms)[0m  [1mSELECT "schema_migrations".* FROM "schema_migrations"[0m
Processing by Rails::WelcomeController#index as HTML
  Rendered /home/phibinh/.rvm/gems/ruby-2.3.1/gems/railties-4.2.6/lib/rails/templates/rails/welcome/index.html.erb (1.4ms)
Completed 200 OK in 14ms (Views: 7.2ms | ActiveRecord: 0.0ms)


Started GET "/rails/info/properties" for 127.0.0.1 at 2016-09-10 15:13:23 +0700
Processing by Rails::InfoController#properties as */*
  [1m[35mActiveRecord::SchemaMigration Load (0.1ms)[0m  SELECT "schema_migrations".* FROM "schema_migrations"
  Rendered /home/phibinh/.rvm/gems/ruby-2.3.1/gems/railties-4.2.6/lib/rails/templates/rails/info/properties.html.erb (0.3ms)
Completed 200 OK in 11ms (Views: 8.0ms | ActiveRecord: 0.4ms)


Started GET "/" for 127.0.0.1 at 2016-09-10 15:14:57 +0700
Processing by Rails::WelcomeController#index as HTML
  Rendered /home/phibinh/.rvm/gems/ruby-2.3.1/gems/railties-4.2.6/lib/rails/templates/rails/welcome/index.html.erb (0.0ms)
Completed 200 OK in 1ms (Views: 0.9ms | ActiveRecord: 0.0ms)
  [1m[36mActiveRecord::SchemaMigration Load (0.1ms)[0m  [1mSELECT "schema_migrations".* FROM "schema_migrations"[0m
Migrating to CreateMicroposts (20160910081742)
  [1m[35m (0.1ms)[0m  begin transaction
  [1m[36m (0.2ms)[0m  [1mCREATE TABLE "microposts" ("id" INTEGER PRIMARY KEY AUTOINCREMENT NOT NULL, "content" varchar, "user_id" integer, "created_at" datetime NOT NULL, "updated_at" datetime NOT NULL) [0m
  [1m[35mSQL (0.1ms)[0m  INSERT INTO "schema_migrations" ("version") VALUES (?)  [["version", "20160910081742"]]
  [1m[36m (9.5ms)[0m  [1mcommit transaction[0m
  [1m[35mActiveRecord::SchemaMigration Load (0.1ms)[0m  SELECT "schema_migrations".* FROM "schema_migrations"


Started GET "/user" for 127.0.0.1 at 2016-09-10 15:20:14 +0700
  [1m[36mActiveRecord::SchemaMigration Load (0.1ms)[0m  [1mSELECT "schema_migrations".* FROM "schema_migrations"[0m

ActionController::RoutingError (No route matches [GET] "/user"):
  actionpack (4.2.6) lib/action_dispatch/middleware/debug_exceptions.rb:21:in `call'
  web-console (2.3.0) lib/web_console/middleware.rb:28:in `block in call'
  web-console (2.3.0) lib/web_console/middleware.rb:18:in `catch'
  web-console (2.3.0) lib/web_console/middleware.rb:18:in `call'
  actionpack (4.2.6) lib/action_dispatch/middleware/show_exceptions.rb:30:in `call'
  railties (4.2.6) lib/rails/rack/logger.rb:38:in `call_app'
  railties (4.2.6) lib/rails/rack/logger.rb:20:in `block in call'
  activesupport (4.2.6) lib/active_support/tagged_logging.rb:68:in `block in tagged'
  activesupport (4.2.6) lib/active_support/tagged_logging.rb:26:in `tagged'
  activesupport (4.2.6) lib/active_support/tagged_logging.rb:68:in `tagged'
  railties (4.2.6) lib/rails/rack/logger.rb:20:in `call'
  actionpack (4.2.6) lib/action_dispatch/middleware/request_id.rb:21:in `call'
  rack (1.6.4) lib/rack/methodoverride.rb:22:in `call'
  rack (1.6.4) lib/rack/runtime.rb:18:in `call'
  activesupport (4.2.6) lib/active_support/cache/strategy/local_cache_middleware.rb:28:in `call'
  rack (1.6.4) lib/rack/lock.rb:17:in `call'
  actionpack (4.2.6) lib/action_dispatch/middleware/static.rb:120:in `call'
  rack (1.6.4) lib/rack/sendfile.rb:113:in `call'
  railties (4.2.6) lib/rails/engine.rb:518:in `call'
  railties (4.2.6) lib/rails/application.rb:165:in `call'
  rack (1.6.4) lib/rack/lock.rb:17:in `call'
  rack (1.6.4) lib/rack/content_length.rb:15:in `call'
  rack (1.6.4) lib/rack/handler/webrick.rb:88:in `service'
  /home/phibinh/.rvm/rubies/ruby-2.3.1/lib/ruby/2.3.0/webrick/httpserver.rb:140:in `service'
  /home/phibinh/.rvm/rubies/ruby-2.3.1/lib/ruby/2.3.0/webrick/httpserver.rb:96:in `run'
  /home/phibinh/.rvm/rubies/ruby-2.3.1/lib/ruby/2.3.0/webrick/server.rb:296:in `block in start_thread'


  Rendered /home/phibinh/.rvm/gems/ruby-2.3.1/gems/actionpack-4.2.6/lib/action_dispatch/middleware/templates/rescues/_trace.html.erb (0.9ms)
  Rendered /home/phibinh/.rvm/gems/ruby-2.3.1/gems/actionpack-4.2.6/lib/action_dispatch/middleware/templates/routes/_route.html.erb (1.1ms)
  Rendered /home/phibinh/.rvm/gems/ruby-2.3.1/gems/actionpack-4.2.6/lib/action_dispatch/middleware/templates/routes/_table.html.erb (15.3ms)
  Rendered /home/phibinh/.rvm/gems/ruby-2.3.1/gems/actionpack-4.2.6/lib/action_dispatch/middleware/templates/rescues/_request_and_response.html.erb (7.2ms)
  Rendered /home/phibinh/.rvm/gems/ruby-2.3.1/gems/actionpack-4.2.6/lib/action_dispatch/middleware/templates/rescues/routing_error.html.erb within rescues/layout (47.4ms)
  Rendered /home/phibinh/.rvm/gems/ruby-2.3.1/gems/web-console-2.3.0/lib/web_console/templates/_markup.html.erb (0.3ms)
  Rendered /home/phibinh/.rvm/gems/ruby-2.3.1/gems/web-console-2.3.0/lib/web_console/templates/_inner_console_markup.html.erb within layouts/inlined_string (0.3ms)
  Rendered /home/phibinh/.rvm/gems/ruby-2.3.1/gems/web-console-2.3.0/lib/web_console/templates/_prompt_box_markup.html.erb within layouts/inlined_string (0.3ms)
  Rendered /home/phibinh/.rvm/gems/ruby-2.3.1/gems/web-console-2.3.0/lib/web_console/templates/style.css.erb within layouts/inlined_string (0.3ms)
  Rendered /home/phibinh/.rvm/gems/ruby-2.3.1/gems/web-console-2.3.0/lib/web_console/templates/console.js.erb within layouts/javascript (30.2ms)
  Rendered /home/phibinh/.rvm/gems/ruby-2.3.1/gems/web-console-2.3.0/lib/web_console/templates/main.js.erb within layouts/javascript (0.2ms)
  Rendered /home/phibinh/.rvm/gems/ruby-2.3.1/gems/web-console-2.3.0/lib/web_console/templates/error_page.js.erb within layouts/javascript (0.4ms)
  Rendered /home/phibinh/.rvm/gems/ruby-2.3.1/gems/web-console-2.3.0/lib/web_console/templates/index.html.erb (56.1ms)


Started GET "/users" for 127.0.0.1 at 2016-09-10 15:20:18 +0700
Processing by UsersController#index as HTML
  [1m[35mUser Load (0.1ms)[0m  SELECT "users".* FROM "users"
  Rendered users/index.html.erb within layouts/application (1.4ms)
Completed 200 OK in 684ms (Views: 682.0ms | ActiveRecord: 0.2ms)


Started GET "/assets/application.self-e80e8f2318043e8af94dddc2adad5a4f09739a8ebb323b3ab31cd71d45fd9113.css?body=1" for 127.0.0.1 at 2016-09-10 15:20:19 +0700


Started GET "/assets/microposts.self-e3b0c44298fc1c149afbf4c8996fb92427ae41e4649b934ca495991b7852b855.css?body=1" for 127.0.0.1 at 2016-09-10 15:20:19 +0700


Started GET "/assets/scaffolds.self-a28ef4998486fecb916722ef8c4e4602ac6b4ab40d5a508ca5715aaf9d61142c.css?body=1" for 127.0.0.1 at 2016-09-10 15:20:19 +0700


Started GET "/assets/users.self-e3b0c44298fc1c149afbf4c8996fb92427ae41e4649b934ca495991b7852b855.css?body=1" for 127.0.0.1 at 2016-09-10 15:20:19 +0700


Started GET "/assets/jquery.self-bd7ddd393353a8d2480a622e80342adf488fb6006d667e8b42e4c0073393abee.js?body=1" for 127.0.0.1 at 2016-09-10 15:20:19 +0700


Started GET "/assets/jquery_ujs.self-784a997f6726036b1993eb2217c9cb558e1cbb801c6da88105588c56f13b466a.js?body=1" for 127.0.0.1 at 2016-09-10 15:20:19 +0700


Started GET "/assets/turbolinks.self-c5acd7a204f5f25ce7a1d8a0e4d92e28d34c9e2df2c7371cd7af88e147e4ad82.js?body=1" for 127.0.0.1 at 2016-09-10 15:20:19 +0700


Started GET "/assets/microposts.self-877aef30ae1b040ab8a3aba4e3e309a11d7f2612f44dde450b5c157aa5f95c05.js?body=1" for 127.0.0.1 at 2016-09-10 15:20:19 +0700


Started GET "/assets/users.self-877aef30ae1b040ab8a3aba4e3e309a11d7f2612f44dde450b5c157aa5f95c05.js?body=1" for 127.0.0.1 at 2016-09-10 15:20:19 +0700


Started GET "/assets/application.self-3b8dabdc891efe46b9a144b400ad69e37d7e5876bdc39dee783419a69d7ca819.js?body=1" for 127.0.0.1 at 2016-09-10 15:20:19 +0700


Started GET "/users/new" for 127.0.0.1 at 2016-09-10 15:20:21 +0700
Processing by UsersController#new as HTML
  Rendered users/_form.html.erb (6.3ms)
  Rendered users/new.html.erb within layouts/application (7.4ms)
Completed 200 OK in 24ms (Views: 18.1ms | ActiveRecord: 0.3ms)


Started POST "/users" for 127.0.0.1 at 2016-09-10 15:20:33 +0700
Processing by UsersController#create as HTML
  Parameters: {"utf8"=>"✓", "authenticity_token"=>"jg2XCE2wLpkQpv3vvoLKwu9GOUnf9dvxOIHErkfDClTb8bJejJXb3Mk9yMj+kMDIt1xMr3ENv2/4oRhhRuWE9g==", "user"=>{"name"=>"Binh", "email"=>"binhbeo1711@gmail.com"}, "commit"=>"Create User"}
  [1m[36m (0.1ms)[0m  [1mbegin transaction[0m
  [1m[35mSQL (0.4ms)[0m  INSERT INTO "users" ("name", "email", "created_at", "updated_at") VALUES (?, ?, ?, ?)  [["name", "Binh"], ["email", "binhbeo1711@gmail.com"], ["created_at", "2016-09-10 08:20:33.342698"], ["updated_at", "2016-09-10 08:20:33.342698"]]
  [1m[36m (8.6ms)[0m  [1mcommit transaction[0m
Redirected to http://localhost:3000/users/1
Completed 302 Found in 14ms (ActiveRecord: 9.1ms)


Started GET "/users/1" for 127.0.0.1 at 2016-09-10 15:20:33 +0700
Processing by UsersController#show as HTML
  Parameters: {"id"=>"1"}
  [1m[35mUser Load (0.2ms)[0m  SELECT  "users".* FROM "users" WHERE "users"."id" = ? LIMIT 1  [["id", 1]]
  Rendered users/show.html.erb within layouts/application (0.7ms)
Completed 200 OK in 37ms (Views: 12.7ms | ActiveRecord: 0.2ms)


Started GET "/users/" for 127.0.0.1 at 2016-09-10 15:20:39 +0700
Processing by UsersController#index as HTML
  [1m[36mUser Load (0.1ms)[0m  [1mSELECT "users".* FROM "users"[0m
  Rendered users/index.html.erb within layouts/application (1.0ms)
Completed 200 OK in 16ms (Views: 15.5ms | ActiveRecord: 0.1ms)


Started GET "/microposts" for 127.0.0.1 at 2016-09-10 15:20:47 +0700
Processing by MicropostsController#index as HTML
  [1m[35mMicropost Load (0.1ms)[0m  SELECT "microposts".* FROM "microposts"
  Rendered microposts/index.html.erb within layouts/application (1.2ms)
Completed 200 OK in 16ms (Views: 14.3ms | ActiveRecord: 0.2ms)


Started GET "/microposts/new" for 127.0.0.1 at 2016-09-10 15:20:50 +0700
Processing by MicropostsController#new as HTML
  Rendered microposts/_form.html.erb (3.1ms)
  Rendered microposts/new.html.erb within layouts/application (3.9ms)
Completed 200 OK in 18ms (Views: 14.9ms | ActiveRecord: 0.1ms)


Started GET "/users/1" for 127.0.0.1 at 2016-09-10 15:21:06 +0700
Processing by UsersController#show as HTML
  Parameters: {"id"=>"1"}
  [1m[36mUser Load (0.1ms)[0m  [1mSELECT  "users".* FROM "users" WHERE "users"."id" = ? LIMIT 1[0m  [["id", 1]]
  Rendered users/show.html.erb within layouts/application (0.3ms)
Completed 200 OK in 14ms (Views: 13.1ms | ActiveRecord: 0.1ms)


Started GET "/users/" for 127.0.0.1 at 2016-09-10 15:21:30 +0700
Processing by UsersController#index as HTML
  [1m[35mUser Load (0.1ms)[0m  SELECT "users".* FROM "users"
  Rendered users/index.html.erb within layouts/application (0.9ms)
Completed 200 OK in 15ms (Views: 14.2ms | ActiveRecord: 0.1ms)


Started GET "/users/new" for 127.0.0.1 at 2016-09-10 15:21:32 +0700
Processing by UsersController#new as HTML
  Rendered users/_form.html.erb (8.2ms)
  Rendered users/new.html.erb within layouts/application (8.8ms)
Completed 200 OK in 22ms (Views: 20.4ms | ActiveRecord: 0.0ms)


Started POST "/users" for 127.0.0.1 at 2016-09-10 15:21:43 +0700
Processing by UsersController#create as HTML
  Parameters: {"utf8"=>"✓", "authenticity_token"=>"kPn15fHlf4QfJ32Mwmk3IKPnLam6jIDP8cLonk37VJrFBdCzMMCKwca8SKuCez0q+/1YTxR05FEx4jRRTN3aOA==", "user"=>{"name"=>"one", "email"=>"123@gmail.com"}, "commit"=>"Create User"}
  [1m[36m (0.1ms)[0m  [1mbegin transaction[0m
  [1m[35mSQL (0.1ms)[0m  INSERT INTO "users" ("name", "email", "created_at", "updated_at") VALUES (?, ?, ?, ?)  [["name", "one"], ["email", "123@gmail.com"], ["created_at", "2016-09-10 08:21:43.866646"], ["updated_at", "2016-09-10 08:21:43.866646"]]
  [1m[36m (7.4ms)[0m  [1mcommit transaction[0m
Redirected to http://localhost:3000/users/2
Completed 302 Found in 10ms (ActiveRecord: 7.7ms)


Started GET "/users/2" for 127.0.0.1 at 2016-09-10 15:21:43 +0700
Processing by UsersController#show as HTML
  Parameters: {"id"=>"2"}
  [1m[35mUser Load (0.1ms)[0m  SELECT  "users".* FROM "users" WHERE "users"."id" = ? LIMIT 1  [["id", 2]]
  Rendered users/show.html.erb within layouts/application (0.3ms)
Completed 200 OK in 15ms (Views: 14.5ms | ActiveRecord: 0.1ms)


Started GET "/users/" for 127.0.0.1 at 2016-09-10 15:21:47 +0700
Processing by UsersController#index as HTML
  [1m[36mUser Load (0.4ms)[0m  [1mSELECT "users".* FROM "users"[0m
  Rendered users/index.html.erb within layouts/application (1.4ms)
Completed 200 OK in 14ms (Views: 12.6ms | ActiveRecord: 0.4ms)


Started GET "/microposts" for 127.0.0.1 at 2016-09-10 15:22:57 +0700
Processing by MicropostsController#index as HTML
  [1m[35mMicropost Load (0.2ms)[0m  SELECT "microposts".* FROM "microposts"
  Rendered microposts/index.html.erb within layouts/application (0.7ms)
Completed 200 OK in 16ms (Views: 15.4ms | ActiveRecord: 0.2ms)


Started GET "/microposts/new" for 127.0.0.1 at 2016-09-10 15:22:59 +0700
Processing by MicropostsController#new as HTML
  Rendered microposts/_form.html.erb (2.6ms)
  Rendered microposts/new.html.erb within layouts/application (3.9ms)
Completed 200 OK in 18ms (Views: 17.5ms | ActiveRecord: 0.0ms)


Started POST "/microposts" for 127.0.0.1 at 2016-09-10 15:23:05 +0700
Processing by MicropostsController#create as HTML
  Parameters: {"utf8"=>"✓", "authenticity_token"=>"lEXDP/3bi0VpvCrWgsvWIwkQeF1lKFjUD+ZRoRQoAanBueZpPP5+ALAnH/HC2dwpUQoNu8vQPErPxo1uFQ6PCw==", "micropost"=>{"content"=>"123 alo", "user_id"=>"1"}, "commit"=>"Create Micropost"}
  [1m[36m (0.1ms)[0m  [1mbegin transaction[0m
  [1m[35mSQL (0.2ms)[0m  INSERT INTO "microposts" ("content", "user_id", "created_at", "updated_at") VALUES (?, ?, ?, ?)  [["content", "123 alo"], ["user_id", 1], ["created_at", "2016-09-10 08:23:05.510743"], ["updated_at", "2016-09-10 08:23:05.510743"]]
  [1m[36m (7.6ms)[0m  [1mcommit transaction[0m
Redirected to http://localhost:3000/microposts/1
Completed 302 Found in 12ms (ActiveRecord: 7.9ms)


Started GET "/microposts/1" for 127.0.0.1 at 2016-09-10 15:23:05 +0700
Processing by MicropostsController#show as HTML
  Parameters: {"id"=>"1"}
  [1m[35mMicropost Load (0.3ms)[0m  SELECT  "microposts".* FROM "microposts" WHERE "microposts"."id" = ? LIMIT 1  [["id", 1]]
  Rendered microposts/show.html.erb within layouts/application (0.6ms)
Completed 200 OK in 15ms (Views: 13.0ms | ActiveRecord: 0.3ms)


Started POST "/microposts" for 127.0.0.1 at 2016-09-10 15:23:12 +0700
Processing by MicropostsController#create as HTML
  Parameters: {"utf8"=>"✓", "authenticity_token"=>"BbsgJ28L0AuTsLyThdxe8Qz/XaQ0huudeCI0Fe7NmUxQRwVxri4lTkoribTFzlT7VOUoQpp+jwO4Auja7+sX7g==", "micropost"=>{"content"=>"123 alo", "user_id"=>"3"}, "commit"=>"Create Micropost"}
  [1m[36m (0.1ms)[0m  [1mbegin transaction[0m
  [1m[35mSQL (0.1ms)[0m  INSERT INTO "microposts" ("content", "user_id", "created_at", "updated_at") VALUES (?, ?, ?, ?)  [["content", "123 alo"], ["user_id", 3], ["created_at", "2016-09-10 08:23:12.293634"], ["updated_at", "2016-09-10 08:23:12.293634"]]
  [1m[36m (7.8ms)[0m  [1mcommit transaction[0m
Redirected to http://localhost:3000/microposts/2
Completed 302 Found in 10ms (ActiveRecord: 8.0ms)


Started GET "/microposts/2" for 127.0.0.1 at 2016-09-10 15:23:12 +0700
Processing by MicropostsController#show as HTML
  Parameters: {"id"=>"2"}
  [1m[35mMicropost Load (0.1ms)[0m  SELECT  "microposts".* FROM "microposts" WHERE "microposts"."id" = ? LIMIT 1  [["id", 2]]
  Rendered microposts/show.html.erb within layouts/application (0.3ms)
Completed 200 OK in 15ms (Views: 13.9ms | ActiveRecord: 0.1ms)


Started GET "/microposts" for 127.0.0.1 at 2016-09-10 15:23:15 +0700
Processing by MicropostsController#index as HTML
  [1m[36mMicropost Load (0.1ms)[0m  [1mSELECT "microposts".* FROM "microposts"[0m
  Rendered microposts/index.html.erb within layouts/application (1.2ms)
Completed 200 OK in 13ms (Views: 12.1ms | ActiveRecord: 0.1ms)


Started GET "/microposts/2/edit" for 127.0.0.1 at 2016-09-10 15:23:17 +0700
Processing by MicropostsController#edit as HTML
  Parameters: {"id"=>"2"}
  [1m[35mMicropost Load (0.1ms)[0m  SELECT  "microposts".* FROM "microposts" WHERE "microposts"."id" = ? LIMIT 1  [["id", 2]]
  Rendered microposts/_form.html.erb (2.1ms)
  Rendered microposts/edit.html.erb within layouts/application (4.2ms)
Completed 200 OK in 18ms (Views: 17.3ms | ActiveRecord: 0.1ms)


Started PATCH "/microposts/2" for 127.0.0.1 at 2016-09-10 15:23:20 +0700
Processing by MicropostsController#update as HTML
  Parameters: {"utf8"=>"✓", "authenticity_token"=>"b1Sc5BsgVk2hCSlbNUCWfrvHENlf180SvQtW7jxoQUE6qLmy2gWjCHiSHHx1Upx0491lP/EvqYx9K4ohPU7P4w==", "micropost"=>{"content"=>"123 alo", "user_id"=>"2"}, "commit"=>"Update Micropost", "id"=>"2"}
  [1m[36mMicropost Load (0.1ms)[0m  [1mSELECT  "microposts".* FROM "microposts" WHERE "microposts"."id" = ? LIMIT 1[0m  [["id", 2]]
  [1m[35m (0.1ms)[0m  begin transaction
  [1m[36mSQL (0.2ms)[0m  [1mUPDATE "microposts" SET "user_id" = ?, "updated_at" = ? WHERE "microposts"."id" = ?[0m  [["user_id", 2], ["updated_at", "2016-09-10 08:23:20.967886"], ["id", 2]]
  [1m[35m (7.0ms)[0m  commit transaction
Redirected to http://localhost:3000/microposts/2
Completed 302 Found in 11ms (ActiveRecord: 7.3ms)


Started GET "/microposts/2" for 127.0.0.1 at 2016-09-10 15:23:20 +0700
Processing by MicropostsController#show as HTML
  Parameters: {"id"=>"2"}
  [1m[36mMicropost Load (0.1ms)[0m  [1mSELECT  "microposts".* FROM "microposts" WHERE "microposts"."id" = ? LIMIT 1[0m  [["id", 2]]
  Rendered microposts/show.html.erb within layouts/application (0.3ms)
Completed 200 OK in 13ms (Views: 12.7ms | ActiveRecord: 0.1ms)


Started GET "/microposts/" for 127.0.0.1 at 2016-09-10 15:23:26 +0700
Processing by MicropostsController#index as HTML
  [1m[35mMicropost Load (0.2ms)[0m  SELECT "microposts".* FROM "microposts"
  Rendered microposts/index.html.erb within layouts/application (2.3ms)
Completed 200 OK in 20ms (Views: 18.7ms | ActiveRecord: 0.2ms)


Started GET "/microposts/new" for 127.0.0.1 at 2016-09-10 15:23:29 +0700
Processing by MicropostsController#new as HTML
  Rendered microposts/_form.html.erb (3.1ms)
  Rendered microposts/new.html.erb within layouts/application (4.6ms)
Completed 200 OK in 21ms (Views: 19.9ms | ActiveRecord: 0.0ms)


Started POST "/microposts" for 127.0.0.1 at 2016-09-10 15:23:39 +0700
Processing by MicropostsController#create as HTML
  Parameters: {"utf8"=>"✓", "authenticity_token"=>"ps0G5brLOrnvTo3Q3xB+pXUjTPVzDFmyA76gDsFEYubzMSOze+7P/DbVuPefAnSvLTk5E930PSzDnnzBwGLsRA==", "micropost"=>{"content"=>"third micropost", "user_id"=>"1"}, "commit"=>"Create Micropost"}
  [1m[36m (0.1ms)[0m  [1mbegin transaction[0m
  [1m[35mSQL (0.3ms)[0m  INSERT INTO "microposts" ("content", "user_id", "created_at", "updated_at") VALUES (?, ?, ?, ?)  [["content", "third micropost"], ["user_id", 1], ["created_at", "2016-09-10 08:23:39.108696"], ["updated_at", "2016-09-10 08:23:39.108696"]]
  [1m[36m (6.9ms)[0m  [1mcommit transaction[0m
Redirected to http://localhost:3000/microposts/3
Completed 302 Found in 10ms (ActiveRecord: 7.4ms)


Started GET "/microposts/3" for 127.0.0.1 at 2016-09-10 15:23:39 +0700
Processing by MicropostsController#show as HTML
  Parameters: {"id"=>"3"}
  [1m[35mMicropost Load (0.1ms)[0m  SELECT  "microposts".* FROM "microposts" WHERE "microposts"."id" = ? LIMIT 1  [["id", 3]]
  Rendered microposts/show.html.erb within layouts/application (0.2ms)
Completed 200 OK in 14ms (Views: 13.3ms | ActiveRecord: 0.1ms)


Started GET "/microposts/" for 127.0.0.1 at 2016-09-10 15:23:48 +0700
Processing by MicropostsController#index as HTML
  [1m[36mMicropost Load (0.2ms)[0m  [1mSELECT "microposts".* FROM "microposts"[0m
  Rendered microposts/index.html.erb within layouts/application (1.4ms)
Completed 200 OK in 16ms (Views: 15.0ms | ActiveRecord: 0.2ms)


Started GET "/microposts/new" for 127.0.0.1 at 2016-09-10 15:23:50 +0700
Processing by MicropostsController#new as HTML
  Rendered microposts/_form.html.erb (1.6ms)
  Rendered microposts/new.html.erb within layouts/application (2.3ms)
Completed 200 OK in 18ms (Views: 16.7ms | ActiveRecord: 0.0ms)


Started POST "/microposts" for 127.0.0.1 at 2016-09-10 15:24:00 +0700
Processing by MicropostsController#create as HTML
  Parameters: {"utf8"=>"✓", "authenticity_token"=>"jjkqWOEzOAb6Muh78v9sCmtwS7X9VPjgygTs/MOsws/bxQ8OIBbNQyOp3Vyy7WYAM2o+U1OsnH4KJDAzwopMbQ==", "micropost"=>{"content"=>"one two", "user_id"=>"1"}, "commit"=>"Create Micropost"}
  [1m[35m (0.1ms)[0m  begin transaction
  [1m[36mSQL (0.2ms)[0m  [1mINSERT INTO "microposts" ("content", "user_id", "created_at", "updated_at") VALUES (?, ?, ?, ?)[0m  [["content", "one two"], ["user_id", 1], ["created_at", "2016-09-10 08:24:00.409320"], ["updated_at", "2016-09-10 08:24:00.409320"]]
  [1m[35m (10.8ms)[0m  commit transaction
Redirected to http://localhost:3000/microposts/4
Completed 302 Found in 14ms (ActiveRecord: 11.0ms)


Started GET "/microposts/4" for 127.0.0.1 at 2016-09-10 15:24:00 +0700
Processing by MicropostsController#show as HTML
  Parameters: {"id"=>"4"}
  [1m[36mMicropost Load (0.1ms)[0m  [1mSELECT  "microposts".* FROM "microposts" WHERE "microposts"."id" = ? LIMIT 1[0m  [["id", 4]]
  Rendered microposts/show.html.erb within layouts/application (0.3ms)
Completed 200 OK in 14ms (Views: 13.0ms | ActiveRecord: 0.1ms)


Started GET "/microposts/" for 127.0.0.1 at 2016-09-10 15:24:03 +0700
Processing by MicropostsController#index as HTML
  [1m[35mMicropost Load (0.2ms)[0m  SELECT "microposts".* FROM "microposts"
  Rendered microposts/index.html.erb within layouts/application (2.7ms)
Completed 200 OK in 19ms (Views: 17.1ms | ActiveRecord: 0.2ms)


Started GET "/microposts/" for 127.0.0.1 at 2016-09-10 15:30:35 +0700
  [1m[36mActiveRecord::SchemaMigration Load (0.1ms)[0m  [1mSELECT "schema_migrations".* FROM "schema_migrations"[0m
Processing by MicropostsController#index as HTML
  [1m[35mMicropost Load (0.1ms)[0m  SELECT "microposts".* FROM "microposts"
  Rendered microposts/index.html.erb within layouts/application (5.6ms)
Completed 200 OK in 198ms (Views: 189.5ms | ActiveRecord: 0.3ms)


Started GET "/microposts/new" for 127.0.0.1 at 2016-09-10 15:30:39 +0700
Processing by MicropostsController#new as HTML
  Rendered microposts/_form.html.erb (10.6ms)
  Rendered microposts/new.html.erb within layouts/application (13.4ms)
Completed 200 OK in 26ms (Views: 25.1ms | ActiveRecord: 0.0ms)


Started POST "/microposts" for 127.0.0.1 at 2016-09-10 15:31:03 +0700
Processing by MicropostsController#create as HTML
  Parameters: {"utf8"=>"✓", "authenticity_token"=>"oFI3OocablTjWmnnONhG9D2O5uGBodESa1cTwXr3stT1rhJsRj+bETrBXMB4ykz+ZZSTBy9ZtYyrd88Oe9E8dg==", "micropost"=>{"content"=>"avoushviusavhdsavndsovndsivauvhsnvfibfhsosabjfnobfsnvsvifdlubfsnvsfilbkjfvnosafjdsovisahnwecnvosvndsoivjbolfsvmdvsobhsovicv nicvdsovesvmdohsoefseoiavoushviusavhdsavndsovndsivauvhsnvfibfhsosabjfnobfsnvsvifdlubfsnvsfilbkjfvnosafjdsovisahnwecnvosvndsoivjbolfsvmdvsobhsovicv nicvdsovesvmdohsoefseoiavoushviusavhdsavndsovndsivauvhsnvfibfhsosabjfnobfsnvsvifdlubfsnvsfilbkjfvnosafjdsovisahnwecnvosvndsoivjbolfsvmdvsobhsovicv nicvdsovesvmdohsoefseoiavoushviusavhdsavndsovndsivauvhsnvfibfhsosabjfnobfsnvsvifdlubfsnvsfilbkjfvnosafjdsovisahnwecnvosvndsoivjbolfsvmdvsobhsovicv nicvdsovesvmdohsoefseoiavoushviusavhdsavndsovndsivauvhsnvfibfhsosabjfnobfsnvsvifdlubfsnvsfilbkjfvnosafjdsovisahnwecnvosvndsoivjbolfsvmdvsobhsovicv nicvdsovesvmdohsoefseoiavoushviusavhdsavndsovndsivauvhsnvfibfhsosabjfnobfsnvsvifdlubfsnvsfilbkjfvnosafjdsovisahnwecnvosvndsoivjbolfsvmdvsobhsovicv nicvdsovesvmdohsoefseoiavoushviusavhdsavndsovndsivauvhsnvfibfhsosabjfnobfsnvsvifdlubfsnvsfilbkjfvnosafjdsovisahnwecnvosvndsoivjbolfsvmdvsobhsovicv nicvdsovesvmdohsoefseoiavoushviusavhdsavndsovndsivauvhsnvfibfhsosabjfnobfsnvsvifdlubfsnvsfilbkjfvnosafjdsovisahnwecnvosvndsoivjbolfsvmdvsobhsovicv nicvdsovesvmdohsoefseoiavoushviusavhdsavndsovndsivauvhsnvfibfhsosabjfnobfsnvsvifdlubfsnvsfilbkjfvnosafjdsovisahnwecnvosvndsoivjbolfsvmdvsobhsovicv nicvdsovesvmdohsoefseoiavoushviusavhdsavndsovndsivauvhsnvfibfhsosabjfnobfsnvsvifdlubfsnvsfilbkjfvnosafjdsovisahnwecnvosvndsoivjbolfsvmdvsobhsovicv nicvdsovesvmdohsoefseoiavoushviusavhdsavndsovndsivauvhsnvfibfhsosabjfnobfsnvsvifdlubfsnvsfilbkjfvnosafjdsovisahnwecnvosvndsoivjbolfsvmdvsobhsovicv nicvdsovesvmdohsoefseoiavoushviusavhdsavndsovndsivauvhsnvfibfhsosabjfnobfsnvsvifdlubfsnvsfilbkjfvnosafjdsovisahnwecnvosvndsoivjbolfsvmdvsobhsovicv nicvdsovesvmdohsoefseoiavoushviusavhdsavndsovndsivauvhsnvfibfhsosabjfnobfsnvsvifdlubfsnvsfilbkjfvnosafjdsovisahnwecnvosvndsoivjbolfsvmdvsobhsovicv nicvdsovesvmdohsoefseoiavoushviusavhdsavndsovndsivauvhsnvfibfhsosabjfnobfsnvsvifdlubfsnvsfilbkjfvnosafjdsovisahnwecnvosvndsoivjbolfsvmdvsobhsovicv nicvdsovesvmdohsoefseoiavoushviusavhdsavndsovndsivauvhsnvfibfhsosabjfnobfsnvsvifdlubfsnvsfilbkjfvnosafjdsovisahnwecnvosvndsoivjbolfsvmdvsobhsovicv nicvdsovesvmdohsoefseoiavoushviusavhdsavndsovndsivauvhsnvfibfhsosabjfnobfsnvsvifdlubfsnvsfilbkjfvnosafjdsovisahnwecnvosvndsoivjbolfsvmdvsobhsovicv nicvdsovesvmdohsoefseoiavoushviusavhdsavndsovndsivauvhsnvfibfhsosabjfnobfsnvsvifdlubfsnvsfilbkjfvnosafjdsovisahnwecnvosvndsoivjbolfsvmdvsobhsovicv nicvdsovesvmdohsoefseoiavoushviusavhdsavndsovndsivauvhsnvfibfhsosabjfnobfsnvsvifdlubfsnvsfilbkjfvnosafjdsovisahnwecnvosvndsoivjbolfsvmdvsobhsovicv nicvdsovesvmdohsoefseoiavoushviusavhdsavndsovndsivauvhsnvfibfhsosabjfnobfsnvsvifdlubfsnvsfilbkjfvnosafjdsovisahnwecnvosvndsoivjbolfsvmdvsobhsovicv nicvdsovesvmdohsoefseoiavoushviusavhdsavndsovndsivauvhsnvfibfhsosabjfnobfsnvsvifdlubfsnvsfilbkjfvnosafjdsovisahnwecnvosvndsoivjbolfsvmdvsobhsovicv nicvdsovesvmdohsoefseoiavoushviusavhdsavndsovndsivauvhsnvfibfhsosabjfnobfsnvsvifdlubfsnvsfilbkjfvnosafjdsovisahnwecnvosvndsoivjbolfsvmdvsobhsovicv nicvdsovesvmdohsoefseoiavoushviusavhdsavndsovndsivauvhsnvfibfhsosabjfnobfsnvsvifdlubfsnvsfilbkjfvnosafjdsovisahnwecnvosvndsoivjbolfsvmdvsobhsovicv nicvdsovesvmdohsoefseoiavoushviusavhdsavndsovndsivauvhsnvfibfhsosabjfnobfsnvsvifdlubfsnvsfilbkjfvnosafjdsovisahnwecnvosvndsoivjbolfsvmdvsobhsovicv nicvdsovesvmdohsoefseoiavoushviusavhdsavndsovndsivauvhsnvfibfhsosabjfnobfsnvsvifdlubfsnvsfilbkjfvnosafjdsovisahnwecnvosvndsoivjbolfsvmdvsobhsovicv nicvdsovesvmdohsoefseoiavoushviusavhdsavndsovndsivauvhsnvfibfhsosabjfnobfsnvsvifdlubfsnvsfilbkjfvnosafjdsovisahnwecnvosvndsoivjbolfsvmdvsobhsovicv nicvdsovesvmdohsoefseoiavoushviusavhdsavndsovndsivauvhsnvfibfhsosabjfnobfsnvsvifdlubfsnvsfilbkjfvnosafjdsovisahnwecnvosvndsoivjbolfsvmdvsobhsovicv nicvdsovesvmdohsoefseoiavoushviusavhdsavndsovndsivauvhsnvfibfhsosabjfnobfsnvsvifdlubfsnvsfilbkjfvnosafjdsovisahnwecnvosvndsoivjbolfsvmdvsobhsovicv nicvdsovesvmdohsoefseoiavoushviusavhdsavndsovndsivauvhsnvfibfhsosabjfnobfsnvsvifdlubfsnvsfilbkjfvnosafjdsovisahnwecnvosvndsoivjbolfsvmdvsobhsovicv nicvdsovesvmdohsoefseoiavoushviusavhdsavndsovndsivauvhsnvfibfhsosabjfnobfsnvsvifdlubfsnvsfilbkjfvnosafjdsovisahnwecnvosvndsoivjbolfsvmdvsobhsovicv nicvdsovesvmdohsoefseoiavoushviusavhdsavndsovndsivauvhsnvfibfhsosabjfnobfsnvsvifdlubfsnvsfilbkjfvnosafjdsovisahnwecnvosvndsoivjbolfsvmdvsobhsovicv nicvdsovesvmdohsoefseoiavoushviusavhdsavndsovndsivauvhsnvfibfhsosabjfnobfsnvsvifdlubfsnvsfilbkjfvnosafjdsovisahnwecnvosvndsoivjbolfsvmdvsobhsovicv nicvdsovesvmdohsoefseoi", "user_id"=>"1"}, "commit"=>"Create Micropost"}
  [1m[36m (0.1ms)[0m  [1mbegin transaction[0m
  [1m[35m (0.0ms)[0m  rollback transaction
Completed 500 Internal Server Error in 7ms (ActiveRecord: 0.1ms)

NoMethodError (undefined method `contennt' for #<Micropost:0x007f50562448b8>
Did you mean?  content
               content?
               content=):
  app/controllers/microposts_controller.rb:30:in `block in create'
  app/controllers/microposts_controller.rb:29:in `create'


  Rendered /home/phibinh/.rvm/gems/ruby-2.3.1/gems/actionpack-4.2.6/lib/action_dispatch/middleware/templates/rescues/_source.erb (4.3ms)
  Rendered /home/phibinh/.rvm/gems/ruby-2.3.1/gems/actionpack-4.2.6/lib/action_dispatch/middleware/templates/rescues/_trace.html.erb (1.6ms)
  Rendered /home/phibinh/.rvm/gems/ruby-2.3.1/gems/actionpack-4.2.6/lib/action_dispatch/middleware/templates/rescues/_request_and_response.html.erb (0.7ms)
  Rendered /home/phibinh/.rvm/gems/ruby-2.3.1/gems/actionpack-4.2.6/lib/action_dispatch/middleware/templates/rescues/diagnostics.html.erb within rescues/layout (93.7ms)
  Rendered /home/phibinh/.rvm/gems/ruby-2.3.1/gems/web-console-2.3.0/lib/web_console/templates/_markup.html.erb (0.3ms)
  Rendered /home/phibinh/.rvm/gems/ruby-2.3.1/gems/web-console-2.3.0/lib/web_console/templates/_inner_console_markup.html.erb within layouts/inlined_string (0.3ms)
  Rendered /home/phibinh/.rvm/gems/ruby-2.3.1/gems/web-console-2.3.0/lib/web_console/templates/_prompt_box_markup.html.erb within layouts/inlined_string (0.3ms)
  Rendered /home/phibinh/.rvm/gems/ruby-2.3.1/gems/web-console-2.3.0/lib/web_console/templates/style.css.erb within layouts/inlined_string (0.3ms)
  Rendered /home/phibinh/.rvm/gems/ruby-2.3.1/gems/web-console-2.3.0/lib/web_console/templates/console.js.erb within layouts/javascript (14.7ms)
  Rendered /home/phibinh/.rvm/gems/ruby-2.3.1/gems/web-console-2.3.0/lib/web_console/templates/main.js.erb within layouts/javascript (0.2ms)
  Rendered /home/phibinh/.rvm/gems/ruby-2.3.1/gems/web-console-2.3.0/lib/web_console/templates/error_page.js.erb within layouts/javascript (0.3ms)
  Rendered /home/phibinh/.rvm/gems/ruby-2.3.1/gems/web-console-2.3.0/lib/web_console/templates/index.html.erb (28.1ms)


Started GET "/microposts/new" for 127.0.0.1 at 2016-09-10 15:31:33 +0700
Processing by MicropostsController#new as HTML
  Rendered microposts/_form.html.erb (1.4ms)
  Rendered microposts/new.html.erb within layouts/application (2.0ms)
Completed 200 OK in 20ms (Views: 15.7ms | ActiveRecord: 0.4ms)


Started POST "/microposts" for 127.0.0.1 at 2016-09-10 15:31:41 +0700
Processing by MicropostsController#create as HTML
  Parameters: {"utf8"=>"✓", "authenticity_token"=>"1cG40zhWIqbIDRsZrgT//Y4pDpKrWS1JAg4XY5zsQYyAPZ2F+XPX4xGWLj7uFvX31jN7dAWhSdfCLsusncrPLg==", "micropost"=>{"content"=>"avoushviusavhdsavndsovndsivauvhsnvfibfhsosabjfnobfsnvsvifdlubfsnvsfilbkjfvnosafjdsovisahnwecnvosvndsoivjbolfsvmdvsobhsovicv nicvdsovesvmdohsoefseoiavoushviusavhdsavndsovndsivauvhsnvfibfhsosabjfnobfsnvsvifdlubfsnvsfilbkjfvnosafjdsovisahnwecnvosvndsoivjbolfsvmdvsobhsovicv nicvdsovesvmdohsoefseoiavoushviusavhdsavndsovndsivauvhsnvfibfhsosabjfnobfsnvsvifdlubfsnvsfilbkjfvnosafjdsovisahnwecnvosvndsoivjbolfsvmdvsobhsovicv nicvdsovesvmdohsoefseoiavoushviusavhdsavndsovndsivauvhsnvfibfhsosabjfnobfsnvsvifdlubfsnvsfilbkjfvnosafjdsovisahnwecnvosvndsoivjbolfsvmdvsobhsovicv nicvdsovesvmdohsoefseoiavoushviusavhdsavndsovndsivauvhsnvfibfhsosabjfnobfsnvsvifdlubfsnvsfilbkjfvnosafjdsovisahnwecnvosvndsoivjbolfsvmdvsobhsovicv nicvdsovesvmdohsoefseoiavoushviusavhdsavndsovndsivauvhsnvfibfhsosabjfnobfsnvsvifdlubfsnvsfilbkjfvnosafjdsovisahnwecnvosvndsoivjbolfsvmdvsobhsovicv nicvdsovesvmdohsoefseoiavoushviusavhdsavndsovndsivauvhsnvfibfhsosabjfnobfsnvsvifdlubfsnvsfilbkjfvnosafjdsovisahnwecnvosvndsoivjbolfsvmdvsobhsovicv nicvdsovesvmdohsoefseoiavoushviusavhdsavndsovndsivauvhsnvfibfhsosabjfnobfsnvsvifdlubfsnvsfilbkjfvnosafjdsovisahnwecnvosvndsoivjbolfsvmdvsobhsovicv nicvdsovesvmdohsoefseoiavoushviusavhdsavndsovndsivauvhsnvfibfhsosabjfnobfsnvsvifdlubfsnvsfilbkjfvnosafjdsovisahnwecnvosvndsoivjbolfsvmdvsobhsovicv nicvdsovesvmdohsoefseoiavoushviusavhdsavndsovndsivauvhsnvfibfhsosabjfnobfsnvsvifdlubfsnvsfilbkjfvnosafjdsovisahnwecnvosvndsoivjbolfsvmdvsobhsovicv nicvdsovesvmdohsoefseoiavoushviusavhdsavndsovndsivauvhsnvfibfhsosabjfnobfsnvsvifdlubfsnvsfilbkjfvnosafjdsovisahnwecnvosvndsoivjbolfsvmdvsobhsovicv nicvdsovesvmdohsoefseoiavoushviusavhdsavndsovndsivauvhsnvfibfhsosabjfnobfsnvsvifdlubfsnvsfilbkjfvnosafjdsovisahnwecnvosvndsoivjbolfsvmdvsobhsovicv nicvdsovesvmdohsoefseoiavoushviusavhdsavndsovndsivauvhsnvfibfhsosabjfnobfsnvsvifdlubfsnvsfilbkjfvnosafjdsovisahnwecnvosvndsoivjbolfsvmdvsobhsovicv nicvdsovesvmdohsoefseoiavoushviusavhdsavndsovndsivauvhsnvfibfhsosabjfnobfsnvsvifdlubfsnvsfilbkjfvnosafjdsovisahnwecnvosvndsoivjbolfsvmdvsobhsovicv nicvdsovesvmdohsoefseoiavoushviusavhdsavndsovndsivauvhsnvfibfhsosabjfnobfsnvsvifdlubfsnvsfilbkjfvnosafjdsovisahnwecnvosvndsoivjbolfsvmdvsobhsovicv nicvdsovesvmdohsoefseoiavoushviusavhdsavndsovndsivauvhsnvfibfhsosabjfnobfsnvsvifdlubfsnvsfilbkjfvnosafjdsovisahnwecnvosvndsoivjbolfsvmdvsobhsovicv nicvdsovesvmdohsoefseoiavoushviusavhdsavndsovndsivauvhsnvfibfhsosabjfnobfsnvsvifdlubfsnvsfilbkjfvnosafjdsovisahnwecnvosvndsoivjbolfsvmdvsobhsovicv nicvdsovesvmdohsoefseoi", "user_id"=>"1"}, "commit"=>"Create Micropost"}
  [1m[36m (0.1ms)[0m  [1mbegin transaction[0m
  [1m[35m (0.1ms)[0m  rollback transaction
  Rendered microposts/_form.html.erb (1.8ms)
  Rendered microposts/new.html.erb within layouts/application (2.4ms)
Completed 200 OK in 19ms (Views: 14.9ms | ActiveRecord: 0.2ms)
  [1m[36mUser Load (0.1ms)[0m  [1mSELECT  "users".* FROM "users"  ORDER BY "users"."id" ASC LIMIT 1[0m
  [1m[35mMicropost Load (0.2ms)[0m  SELECT "microposts".* FROM "microposts" WHERE "microposts"."user_id" = ?  [["user_id", 1]]


Started GET "/users" for 127.0.0.1 at 2016-09-10 15:40:46 +0700
  [1m[36mActiveRecord::SchemaMigration Load (0.1ms)[0m  [1mSELECT "schema_migrations".* FROM "schema_migrations"[0m
Processing by UsersController#index as HTML
  [1m[35mUser Load (0.1ms)[0m  SELECT "users".* FROM "users"
  Rendered users/index.html.erb within layouts/application (4.7ms)
Completed 200 OK in 203ms (Views: 192.7ms | ActiveRecord: 0.3ms)


Started GET "/users/1" for 127.0.0.1 at 2016-09-10 15:40:48 +0700
Processing by UsersController#show as HTML
  Parameters: {"id"=>"1"}
  [1m[36mUser Load (0.2ms)[0m  [1mSELECT  "users".* FROM "users" WHERE "users"."id" = ? LIMIT 1[0m  [["id", 1]]
  Rendered users/show.html.erb within layouts/application (0.8ms)
Completed 200 OK in 21ms (Views: 13.1ms | ActiveRecord: 0.2ms)


Started GET "/users/1" for 127.0.0.1 at 2016-09-10 15:50:52 +0700
Processing by UsersController#show as HTML
  Parameters: {"id"=>"1"}
  [1m[35mUser Load (0.1ms)[0m  SELECT  "users".* FROM "users" WHERE "users"."id" = ? LIMIT 1  [["id", 1]]
  Rendered users/show.html.erb within layouts/application (3.0ms)
Completed 500 Internal Server Error in 5ms (ActiveRecord: 0.1ms)

ActionView::Template::Error (undefined method `each' for nil:NilClass):
    13: <p>
    14:   <strong>Microposts:</strong>
    15:   <ul>
    16:   	<% @microposts.each do |micro| %>
    17:   		<% if micro.user_id == @user_id %>
    18:   			<li><@= @t.content %></li>
    19:   		<%end%>
  app/views/users/show.html.erb:16:in `_app_views_users_show_html_erb___3916952568559766640_69831119011140'


  Rendered /home/phibinh/.rvm/gems/ruby-2.3.1/gems/actionpack-4.2.6/lib/action_dispatch/middleware/templates/rescues/_source.erb (4.1ms)
  Rendered /home/phibinh/.rvm/gems/ruby-2.3.1/gems/actionpack-4.2.6/lib/action_dispatch/middleware/templates/rescues/_trace.html.erb (1.8ms)
  Rendered /home/phibinh/.rvm/gems/ruby-2.3.1/gems/actionpack-4.2.6/lib/action_dispatch/middleware/templates/rescues/_request_and_response.html.erb (0.6ms)
  Rendered /home/phibinh/.rvm/gems/ruby-2.3.1/gems/actionpack-4.2.6/lib/action_dispatch/middleware/templates/rescues/template_error.html.erb within rescues/layout (17.7ms)
  Rendered /home/phibinh/.rvm/gems/ruby-2.3.1/gems/web-console-2.3.0/lib/web_console/templates/_markup.html.erb (0.3ms)
  Rendered /home/phibinh/.rvm/gems/ruby-2.3.1/gems/web-console-2.3.0/lib/web_console/templates/_inner_console_markup.html.erb within layouts/inlined_string (0.2ms)
  Rendered /home/phibinh/.rvm/gems/ruby-2.3.1/gems/web-console-2.3.0/lib/web_console/templates/_prompt_box_markup.html.erb within layouts/inlined_string (0.3ms)
  Rendered /home/phibinh/.rvm/gems/ruby-2.3.1/gems/web-console-2.3.0/lib/web_console/templates/style.css.erb within layouts/inlined_string (0.3ms)
  Rendered /home/phibinh/.rvm/gems/ruby-2.3.1/gems/web-console-2.3.0/lib/web_console/templates/console.js.erb within layouts/javascript (16.9ms)
  Rendered /home/phibinh/.rvm/gems/ruby-2.3.1/gems/web-console-2.3.0/lib/web_console/templates/main.js.erb within layouts/javascript (0.2ms)
  Rendered /home/phibinh/.rvm/gems/ruby-2.3.1/gems/web-console-2.3.0/lib/web_console/templates/error_page.js.erb within layouts/javascript (0.2ms)
  Rendered /home/phibinh/.rvm/gems/ruby-2.3.1/gems/web-console-2.3.0/lib/web_console/templates/index.html.erb (30.8ms)


Started GET "/users" for 127.0.0.1 at 2016-09-10 15:51:15 +0700
Processing by UsersController#index as HTML
  [1m[36mUser Load (0.1ms)[0m  [1mSELECT "users".* FROM "users"[0m
  Rendered users/index.html.erb within layouts/application (1.1ms)
Completed 200 OK in 15ms (Views: 13.8ms | ActiveRecord: 0.1ms)


Started GET "/users/1" for 127.0.0.1 at 2016-09-10 15:51:16 +0700
Processing by UsersController#show as HTML
  Parameters: {"id"=>"1"}
  [1m[35mUser Load (0.1ms)[0m  SELECT  "users".* FROM "users" WHERE "users"."id" = ? LIMIT 1  [["id", 1]]
  Rendered users/show.html.erb within layouts/application (3.4ms)
Completed 500 Internal Server Error in 6ms (ActiveRecord: 0.1ms)

ActionView::Template::Error (undefined method `each' for nil:NilClass):
    13: <p>
    14:   <strong>Microposts:</strong>
    15:   <ul>
    16:   	<% @Microposts.each do |micro| %>
    17:   		<% if micro.user_id == @user_id %>
    18:   			<li><@= @t.content %></li>
    19:   		<%end%>
  app/views/users/show.html.erb:16:in `_app_views_users_show_html_erb___3916952568559766640_69831122933240'


  Rendered /home/phibinh/.rvm/gems/ruby-2.3.1/gems/actionpack-4.2.6/lib/action_dispatch/middleware/templates/rescues/_source.erb (5.2ms)
  Rendered /home/phibinh/.rvm/gems/ruby-2.3.1/gems/actionpack-4.2.6/lib/action_dispatch/middleware/templates/rescues/_trace.html.erb (2.1ms)
  Rendered /home/phibinh/.rvm/gems/ruby-2.3.1/gems/actionpack-4.2.6/lib/action_dispatch/middleware/templates/rescues/_request_and_response.html.erb (0.8ms)
  Rendered /home/phibinh/.rvm/gems/ruby-2.3.1/gems/actionpack-4.2.6/lib/action_dispatch/middleware/templates/rescues/template_error.html.erb within rescues/layout (19.0ms)
  Rendered /home/phibinh/.rvm/gems/ruby-2.3.1/gems/web-console-2.3.0/lib/web_console/templates/_markup.html.erb (0.2ms)
  Rendered /home/phibinh/.rvm/gems/ruby-2.3.1/gems/web-console-2.3.0/lib/web_console/templates/_inner_console_markup.html.erb within layouts/inlined_string (0.2ms)
  Rendered /home/phibinh/.rvm/gems/ruby-2.3.1/gems/web-console-2.3.0/lib/web_console/templates/_prompt_box_markup.html.erb within layouts/inlined_string (0.3ms)
  Rendered /home/phibinh/.rvm/gems/ruby-2.3.1/gems/web-console-2.3.0/lib/web_console/templates/style.css.erb within layouts/inlined_string (0.3ms)
  Rendered /home/phibinh/.rvm/gems/ruby-2.3.1/gems/web-console-2.3.0/lib/web_console/templates/console.js.erb within layouts/javascript (12.6ms)
  Rendered /home/phibinh/.rvm/gems/ruby-2.3.1/gems/web-console-2.3.0/lib/web_console/templates/main.js.erb within layouts/javascript (0.2ms)
  Rendered /home/phibinh/.rvm/gems/ruby-2.3.1/gems/web-console-2.3.0/lib/web_console/templates/error_page.js.erb within layouts/javascript (0.2ms)
  Rendered /home/phibinh/.rvm/gems/ruby-2.3.1/gems/web-console-2.3.0/lib/web_console/templates/index.html.erb (24.5ms)
  [1m[36mMicropost Load (0.1ms)[0m  [1mSELECT  "microposts".* FROM "microposts"  ORDER BY "microposts"."id" ASC LIMIT 1[0m


Started GET "/users/1" for 127.0.0.1 at 2016-09-10 15:52:43 +0700
  [1m[36mActiveRecord::SchemaMigration Load (0.1ms)[0m  [1mSELECT "schema_migrations".* FROM "schema_migrations"[0m
Processing by UsersController#show as HTML
  Parameters: {"id"=>"1"}
  [1m[35mUser Load (0.1ms)[0m  SELECT  "users".* FROM "users" WHERE "users"."id" = ? LIMIT 1  [["id", 1]]
  Rendered users/show.html.erb within layouts/application (4.4ms)
Completed 500 Internal Server Error in 28ms (ActiveRecord: 0.4ms)

ActionView::Template::Error (undefined method `each' for nil:NilClass):
    13: <p>
    14:   <strong>Microposts:</strong>
    15:   <ul>
    16:   	<% @Micropost.each do |micro| %>
    17:   		<% if micro.user_id == @user_id %>
    18:   			<li><@= @t.content %></li>
    19:   		<%end%>
  app/views/users/show.html.erb:16:in `_app_views_users_show_html_erb___3627660116769420424_25986060'


  Rendered /home/phibinh/.rvm/gems/ruby-2.3.1/gems/actionpack-4.2.6/lib/action_dispatch/middleware/templates/rescues/_source.erb (5.0ms)
  Rendered /home/phibinh/.rvm/gems/ruby-2.3.1/gems/actionpack-4.2.6/lib/action_dispatch/middleware/templates/rescues/_trace.html.erb (1.8ms)
  Rendered /home/phibinh/.rvm/gems/ruby-2.3.1/gems/actionpack-4.2.6/lib/action_dispatch/middleware/templates/rescues/_request_and_response.html.erb (0.6ms)
  Rendered /home/phibinh/.rvm/gems/ruby-2.3.1/gems/actionpack-4.2.6/lib/action_dispatch/middleware/templates/rescues/template_error.html.erb within rescues/layout (17.9ms)
  Rendered /home/phibinh/.rvm/gems/ruby-2.3.1/gems/web-console-2.3.0/lib/web_console/templates/_markup.html.erb (0.4ms)
  Rendered /home/phibinh/.rvm/gems/ruby-2.3.1/gems/web-console-2.3.0/lib/web_console/templates/_inner_console_markup.html.erb within layouts/inlined_string (0.2ms)
  Rendered /home/phibinh/.rvm/gems/ruby-2.3.1/gems/web-console-2.3.0/lib/web_console/templates/_prompt_box_markup.html.erb within layouts/inlined_string (0.3ms)
  Rendered /home/phibinh/.rvm/gems/ruby-2.3.1/gems/web-console-2.3.0/lib/web_console/templates/style.css.erb within layouts/inlined_string (0.6ms)
  Rendered /home/phibinh/.rvm/gems/ruby-2.3.1/gems/web-console-2.3.0/lib/web_console/templates/console.js.erb within layouts/javascript (16.4ms)
  Rendered /home/phibinh/.rvm/gems/ruby-2.3.1/gems/web-console-2.3.0/lib/web_console/templates/main.js.erb within layouts/javascript (0.2ms)
  Rendered /home/phibinh/.rvm/gems/ruby-2.3.1/gems/web-console-2.3.0/lib/web_console/templates/error_page.js.erb within layouts/javascript (0.2ms)
  Rendered /home/phibinh/.rvm/gems/ruby-2.3.1/gems/web-console-2.3.0/lib/web_console/templates/index.html.erb (30.0ms)


Started GET "/users/1" for 127.0.0.1 at 2016-09-10 15:53:47 +0700
Processing by UsersController#show as HTML
  Parameters: {"id"=>"1"}
  [1m[36mUser Load (0.1ms)[0m  [1mSELECT  "users".* FROM "users" WHERE "users"."id" = ? LIMIT 1[0m  [["id", 1]]
  Rendered users/show.html.erb within layouts/application (3.5ms)
Completed 500 Internal Server Error in 6ms (ActiveRecord: 0.1ms)

ActionView::Template::Error (undefined method `each' for nil:NilClass):
    13: <p>
    14:   <strong>Microposts:</strong>
    15: 	<ul>
    16: 		<% @microposts.each do |t| %>
    17: 			<% if t.user_id == @user.id %>
    18: 				<li><%= t.content %> </li>
    19: 			<%end%>
  app/views/users/show.html.erb:16:in `_app_views_users_show_html_erb___3627660116769420424_25294900'


  Rendered /home/phibinh/.rvm/gems/ruby-2.3.1/gems/actionpack-4.2.6/lib/action_dispatch/middleware/templates/rescues/_source.erb (4.1ms)
  Rendered /home/phibinh/.rvm/gems/ruby-2.3.1/gems/actionpack-4.2.6/lib/action_dispatch/middleware/templates/rescues/_trace.html.erb (1.7ms)
  Rendered /home/phibinh/.rvm/gems/ruby-2.3.1/gems/actionpack-4.2.6/lib/action_dispatch/middleware/templates/rescues/_request_and_response.html.erb (0.6ms)
  Rendered /home/phibinh/.rvm/gems/ruby-2.3.1/gems/actionpack-4.2.6/lib/action_dispatch/middleware/templates/rescues/template_error.html.erb within rescues/layout (16.8ms)
  Rendered /home/phibinh/.rvm/gems/ruby-2.3.1/gems/web-console-2.3.0/lib/web_console/templates/_markup.html.erb (0.3ms)
  Rendered /home/phibinh/.rvm/gems/ruby-2.3.1/gems/web-console-2.3.0/lib/web_console/templates/_inner_console_markup.html.erb within layouts/inlined_string (0.2ms)
  Rendered /home/phibinh/.rvm/gems/ruby-2.3.1/gems/web-console-2.3.0/lib/web_console/templates/_prompt_box_markup.html.erb within layouts/inlined_string (0.2ms)
  Rendered /home/phibinh/.rvm/gems/ruby-2.3.1/gems/web-console-2.3.0/lib/web_console/templates/style.css.erb within layouts/inlined_string (0.3ms)
  Rendered /home/phibinh/.rvm/gems/ruby-2.3.1/gems/web-console-2.3.0/lib/web_console/templates/console.js.erb within layouts/javascript (13.4ms)
  Rendered /home/phibinh/.rvm/gems/ruby-2.3.1/gems/web-console-2.3.0/lib/web_console/templates/main.js.erb within layouts/javascript (0.2ms)
  Rendered /home/phibinh/.rvm/gems/ruby-2.3.1/gems/web-console-2.3.0/lib/web_console/templates/error_page.js.erb within layouts/javascript (0.3ms)
  Rendered /home/phibinh/.rvm/gems/ruby-2.3.1/gems/web-console-2.3.0/lib/web_console/templates/index.html.erb (26.0ms)


Started GET "/users/1" for 127.0.0.1 at 2016-09-10 15:53:56 +0700
Processing by UsersController#show as HTML
  Parameters: {"id"=>"1"}
  [1m[35mUser Load (0.1ms)[0m  SELECT  "users".* FROM "users" WHERE "users"."id" = ? LIMIT 1  [["id", 1]]
  Rendered users/show.html.erb within layouts/application (3.3ms)
Completed 500 Internal Server Error in 6ms (ActiveRecord: 0.1ms)

ActionView::Template::Error (undefined method `each' for nil:NilClass):
    13: <p>
    14:   <strong>Microposts:</strong>
    15: 	<ul>
    16: 		<% @micropost.each do |t| %>
    17: 			<% if t.user_id == @user.id %>
    18: 				<li><%= t.content %> </li>
    19: 			<%end%>
  app/views/users/show.html.erb:16:in `_app_views_users_show_html_erb___3627660116769420424_17957400'


  Rendered /home/phibinh/.rvm/gems/ruby-2.3.1/gems/actionpack-4.2.6/lib/action_dispatch/middleware/templates/rescues/_source.erb (6.0ms)
  Rendered /home/phibinh/.rvm/gems/ruby-2.3.1/gems/actionpack-4.2.6/lib/action_dispatch/middleware/templates/rescues/_trace.html.erb (2.3ms)
  Rendered /home/phibinh/.rvm/gems/ruby-2.3.1/gems/actionpack-4.2.6/lib/action_dispatch/middleware/templates/rescues/_request_and_response.html.erb (1.2ms)
  Rendered /home/phibinh/.rvm/gems/ruby-2.3.1/gems/actionpack-4.2.6/lib/action_dispatch/middleware/templates/rescues/template_error.html.erb within rescues/layout (21.0ms)
  Rendered /home/phibinh/.rvm/gems/ruby-2.3.1/gems/web-console-2.3.0/lib/web_console/templates/_markup.html.erb (0.4ms)
  Rendered /home/phibinh/.rvm/gems/ruby-2.3.1/gems/web-console-2.3.0/lib/web_console/templates/_inner_console_markup.html.erb within layouts/inlined_string (0.2ms)
  Rendered /home/phibinh/.rvm/gems/ruby-2.3.1/gems/web-console-2.3.0/lib/web_console/templates/_prompt_box_markup.html.erb within layouts/inlined_string (0.2ms)
  Rendered /home/phibinh/.rvm/gems/ruby-2.3.1/gems/web-console-2.3.0/lib/web_console/templates/style.css.erb within layouts/inlined_string (0.2ms)
  Rendered /home/phibinh/.rvm/gems/ruby-2.3.1/gems/web-console-2.3.0/lib/web_console/templates/console.js.erb within layouts/javascript (13.8ms)
  Rendered /home/phibinh/.rvm/gems/ruby-2.3.1/gems/web-console-2.3.0/lib/web_console/templates/main.js.erb within layouts/javascript (0.4ms)
  Rendered /home/phibinh/.rvm/gems/ruby-2.3.1/gems/web-console-2.3.0/lib/web_console/templates/error_page.js.erb within layouts/javascript (0.6ms)
  Rendered /home/phibinh/.rvm/gems/ruby-2.3.1/gems/web-console-2.3.0/lib/web_console/templates/index.html.erb (27.4ms)


Started GET "/microposts" for 127.0.0.1 at 2016-09-10 15:54:05 +0700
Processing by MicropostsController#index as HTML
  [1m[36mMicropost Load (0.1ms)[0m  [1mSELECT "microposts".* FROM "microposts"[0m
  Rendered microposts/index.html.erb within layouts/application (6.3ms)
Completed 200 OK in 154ms (Views: 148.0ms | ActiveRecord: 0.2ms)


Started GET "/users" for 127.0.0.1 at 2016-09-10 15:54:41 +0700
Processing by UsersController#index as HTML
  [1m[35mUser Load (0.2ms)[0m  SELECT "users".* FROM "users"
  Rendered users/index.html.erb within layouts/application (3.1ms)
Completed 200 OK in 35ms (Views: 34.1ms | ActiveRecord: 0.2ms)


Started GET "/users/1" for 127.0.0.1 at 2016-09-10 15:54:43 +0700
Processing by UsersController#show as HTML
  Parameters: {"id"=>"1"}
  [1m[36mUser Load (0.1ms)[0m  [1mSELECT  "users".* FROM "users" WHERE "users"."id" = ? LIMIT 1[0m  [["id", 1]]
  Rendered users/show.html.erb within layouts/application (2.9ms)
Completed 500 Internal Server Error in 5ms (ActiveRecord: 0.1ms)

ActionView::Template::Error (undefined method `each' for nil:NilClass):
    13: <p>
    14:   <strong>Microposts:</strong>
    15: 	<ul>
    16: 		<% @microposts.each do |t| %>
    17: 			<% if t.user_id == @user.id %>
    18: 				<li><%= t.content %> </li>
    19: 			<%end%>
  app/views/users/show.html.erb:16:in `_app_views_users_show_html_erb___3627660116769420424_70335072823620'


  Rendered /home/phibinh/.rvm/gems/ruby-2.3.1/gems/actionpack-4.2.6/lib/action_dispatch/middleware/templates/rescues/_source.erb (3.9ms)
  Rendered /home/phibinh/.rvm/gems/ruby-2.3.1/gems/actionpack-4.2.6/lib/action_dispatch/middleware/templates/rescues/_trace.html.erb (1.8ms)
  Rendered /home/phibinh/.rvm/gems/ruby-2.3.1/gems/actionpack-4.2.6/lib/action_dispatch/middleware/templates/rescues/_request_and_response.html.erb (0.6ms)
  Rendered /home/phibinh/.rvm/gems/ruby-2.3.1/gems/actionpack-4.2.6/lib/action_dispatch/middleware/templates/rescues/template_error.html.erb within rescues/layout (16.7ms)
  Rendered /home/phibinh/.rvm/gems/ruby-2.3.1/gems/web-console-2.3.0/lib/web_console/templates/_markup.html.erb (0.3ms)
  Rendered /home/phibinh/.rvm/gems/ruby-2.3.1/gems/web-console-2.3.0/lib/web_console/templates/_inner_console_markup.html.erb within layouts/inlined_string (0.2ms)
  Rendered /home/phibinh/.rvm/gems/ruby-2.3.1/gems/web-console-2.3.0/lib/web_console/templates/_prompt_box_markup.html.erb within layouts/inlined_string (0.3ms)
  Rendered /home/phibinh/.rvm/gems/ruby-2.3.1/gems/web-console-2.3.0/lib/web_console/templates/style.css.erb within layouts/inlined_string (0.3ms)
  Rendered /home/phibinh/.rvm/gems/ruby-2.3.1/gems/web-console-2.3.0/lib/web_console/templates/console.js.erb within layouts/javascript (13.2ms)
  Rendered /home/phibinh/.rvm/gems/ruby-2.3.1/gems/web-console-2.3.0/lib/web_console/templates/main.js.erb within layouts/javascript (0.2ms)
  Rendered /home/phibinh/.rvm/gems/ruby-2.3.1/gems/web-console-2.3.0/lib/web_console/templates/error_page.js.erb within layouts/javascript (0.3ms)
  Rendered /home/phibinh/.rvm/gems/ruby-2.3.1/gems/web-console-2.3.0/lib/web_console/templates/index.html.erb (25.5ms)


Started GET "/users/1" for 127.0.0.1 at 2016-09-10 15:55:39 +0700
Processing by UsersController#show as HTML
  Parameters: {"id"=>"1"}
  [1m[35mUser Load (0.1ms)[0m  SELECT  "users".* FROM "users" WHERE "users"."id" = ? LIMIT 1  [["id", 1]]
  Rendered users/show.html.erb within layouts/application (2.0ms)
Completed 500 Internal Server Error in 4ms (ActiveRecord: 0.1ms)

ActionView::Template::Error (undefined method `each' for nil:NilClass):
    13: <p>
    14:   <strong>Microposts:</strong>
    15: 	<ul>
    16: 		<% @microposts.each do |t| %>
    17: 			<% if t.user_id == @user.id %>
    18: 				<li><%= t.content %> </li>
    19: 			<%end%>
  app/views/users/show.html.erb:16:in `_app_views_users_show_html_erb___3627660116769420424_70335072823620'


  Rendered /home/phibinh/.rvm/gems/ruby-2.3.1/gems/actionpack-4.2.6/lib/action_dispatch/middleware/templates/rescues/_source.erb (5.1ms)
  Rendered /home/phibinh/.rvm/gems/ruby-2.3.1/gems/actionpack-4.2.6/lib/action_dispatch/middleware/templates/rescues/_trace.html.erb (1.8ms)
  Rendered /home/phibinh/.rvm/gems/ruby-2.3.1/gems/actionpack-4.2.6/lib/action_dispatch/middleware/templates/rescues/_request_and_response.html.erb (0.6ms)
  Rendered /home/phibinh/.rvm/gems/ruby-2.3.1/gems/actionpack-4.2.6/lib/action_dispatch/middleware/templates/rescues/template_error.html.erb within rescues/layout (18.8ms)
  Rendered /home/phibinh/.rvm/gems/ruby-2.3.1/gems/web-console-2.3.0/lib/web_console/templates/_markup.html.erb (0.3ms)
  Rendered /home/phibinh/.rvm/gems/ruby-2.3.1/gems/web-console-2.3.0/lib/web_console/templates/_inner_console_markup.html.erb within layouts/inlined_string (0.8ms)
  Rendered /home/phibinh/.rvm/gems/ruby-2.3.1/gems/web-console-2.3.0/lib/web_console/templates/_prompt_box_markup.html.erb within layouts/inlined_string (0.5ms)
  Rendered /home/phibinh/.rvm/gems/ruby-2.3.1/gems/web-console-2.3.0/lib/web_console/templates/style.css.erb within layouts/inlined_string (0.3ms)
  Rendered /home/phibinh/.rvm/gems/ruby-2.3.1/gems/web-console-2.3.0/lib/web_console/templates/console.js.erb within layouts/javascript (15.7ms)
  Rendered /home/phibinh/.rvm/gems/ruby-2.3.1/gems/web-console-2.3.0/lib/web_console/templates/main.js.erb within layouts/javascript (0.2ms)
  Rendered /home/phibinh/.rvm/gems/ruby-2.3.1/gems/web-console-2.3.0/lib/web_console/templates/error_page.js.erb within layouts/javascript (0.3ms)
  Rendered /home/phibinh/.rvm/gems/ruby-2.3.1/gems/web-console-2.3.0/lib/web_console/templates/index.html.erb (28.6ms)


Started GET "/users/1" for 127.0.0.1 at 2016-09-10 15:55:59 +0700
Processing by UsersController#show as HTML
  Parameters: {"id"=>"1"}
  [1m[36mUser Load (0.1ms)[0m  [1mSELECT  "users".* FROM "users" WHERE "users"."id" = ? LIMIT 1[0m  [["id", 1]]
  Rendered users/show.html.erb within layouts/application (3.7ms)
Completed 500 Internal Server Error in 6ms (ActiveRecord: 0.1ms)

ActionView::Template::Error (undefined method `each' for nil:NilClass):
    13: <p>
    14:   <strong>Microposts:</strong>
    15: 	<ul>
    16: 		<% @micropost.each do |t| %>
    17: 			<% if t.user_id == @user.id %>
    18: 				<li><%= t.content %> </li>
    19: 			<%end%>
  app/views/users/show.html.erb:16:in `_app_views_users_show_html_erb___3627660116769420424_70335066146440'


  Rendered /home/phibinh/.rvm/gems/ruby-2.3.1/gems/actionpack-4.2.6/lib/action_dispatch/middleware/templates/rescues/_source.erb (4.3ms)
  Rendered /home/phibinh/.rvm/gems/ruby-2.3.1/gems/actionpack-4.2.6/lib/action_dispatch/middleware/templates/rescues/_trace.html.erb (2.2ms)
  Rendered /home/phibinh/.rvm/gems/ruby-2.3.1/gems/actionpack-4.2.6/lib/action_dispatch/middleware/templates/rescues/_request_and_response.html.erb (0.7ms)
  Rendered /home/phibinh/.rvm/gems/ruby-2.3.1/gems/actionpack-4.2.6/lib/action_dispatch/middleware/templates/rescues/template_error.html.erb within rescues/layout (18.8ms)
  Rendered /home/phibinh/.rvm/gems/ruby-2.3.1/gems/web-console-2.3.0/lib/web_console/templates/_markup.html.erb (0.3ms)
  Rendered /home/phibinh/.rvm/gems/ruby-2.3.1/gems/web-console-2.3.0/lib/web_console/templates/_inner_console_markup.html.erb within layouts/inlined_string (0.3ms)
  Rendered /home/phibinh/.rvm/gems/ruby-2.3.1/gems/web-console-2.3.0/lib/web_console/templates/_prompt_box_markup.html.erb within layouts/inlined_string (0.3ms)
  Rendered /home/phibinh/.rvm/gems/ruby-2.3.1/gems/web-console-2.3.0/lib/web_console/templates/style.css.erb within layouts/inlined_string (0.3ms)
  Rendered /home/phibinh/.rvm/gems/ruby-2.3.1/gems/web-console-2.3.0/lib/web_console/templates/console.js.erb within layouts/javascript (13.0ms)
  Rendered /home/phibinh/.rvm/gems/ruby-2.3.1/gems/web-console-2.3.0/lib/web_console/templates/main.js.erb within layouts/javascript (0.3ms)
  Rendered /home/phibinh/.rvm/gems/ruby-2.3.1/gems/web-console-2.3.0/lib/web_console/templates/error_page.js.erb within layouts/javascript (0.3ms)
  Rendered /home/phibinh/.rvm/gems/ruby-2.3.1/gems/web-console-2.3.0/lib/web_console/templates/index.html.erb (26.9ms)


Started GET "/users/1" for 127.0.0.1 at 2016-09-10 15:59:16 +0700
Processing by UsersController#show as HTML
  Parameters: {"id"=>"1"}
  [1m[35mUser Load (0.1ms)[0m  SELECT  "users".* FROM "users" WHERE "users"."id" = ? LIMIT 1  [["id", 1]]
  Rendered users/show.html.erb within layouts/application (3.7ms)
Completed 500 Internal Server Error in 7ms (ActiveRecord: 0.1ms)

ActionView::Template::Error (undefined method `each' for nil:NilClass):
    13: <p>
    14:   <strong>Microposts:</strong>
    15: 	<ul>
    16: 		<% @microposts.each do |t| %>
    17: 			<% if t.user_id == @user.id %>
    18: 				<li><%= t.content %> </li>
    19: 			<%end%>
  app/views/users/show.html.erb:16:in `_app_views_users_show_html_erb___3627660116769420424_70335067335640'


  Rendered /home/phibinh/.rvm/gems/ruby-2.3.1/gems/actionpack-4.2.6/lib/action_dispatch/middleware/templates/rescues/_source.erb (3.7ms)
  Rendered /home/phibinh/.rvm/gems/ruby-2.3.1/gems/actionpack-4.2.6/lib/action_dispatch/middleware/templates/rescues/_trace.html.erb (1.5ms)
  Rendered /home/phibinh/.rvm/gems/ruby-2.3.1/gems/actionpack-4.2.6/lib/action_dispatch/middleware/templates/rescues/_request_and_response.html.erb (0.6ms)
  Rendered /home/phibinh/.rvm/gems/ruby-2.3.1/gems/actionpack-4.2.6/lib/action_dispatch/middleware/templates/rescues/template_error.html.erb within rescues/layout (16.0ms)
  Rendered /home/phibinh/.rvm/gems/ruby-2.3.1/gems/web-console-2.3.0/lib/web_console/templates/_markup.html.erb (6.3ms)
  Rendered /home/phibinh/.rvm/gems/ruby-2.3.1/gems/web-console-2.3.0/lib/web_console/templates/_inner_console_markup.html.erb within layouts/inlined_string (0.3ms)
  Rendered /home/phibinh/.rvm/gems/ruby-2.3.1/gems/web-console-2.3.0/lib/web_console/templates/_prompt_box_markup.html.erb within layouts/inlined_string (0.3ms)
  Rendered /home/phibinh/.rvm/gems/ruby-2.3.1/gems/web-console-2.3.0/lib/web_console/templates/style.css.erb within layouts/inlined_string (0.3ms)
  Rendered /home/phibinh/.rvm/gems/ruby-2.3.1/gems/web-console-2.3.0/lib/web_console/templates/console.js.erb within layouts/javascript (13.3ms)
  Rendered /home/phibinh/.rvm/gems/ruby-2.3.1/gems/web-console-2.3.0/lib/web_console/templates/main.js.erb within layouts/javascript (0.2ms)
  Rendered /home/phibinh/.rvm/gems/ruby-2.3.1/gems/web-console-2.3.0/lib/web_console/templates/error_page.js.erb within layouts/javascript (0.3ms)
  Rendered /home/phibinh/.rvm/gems/ruby-2.3.1/gems/web-console-2.3.0/lib/web_console/templates/index.html.erb (31.7ms)


Started GET "/users/1" for 127.0.0.1 at 2016-09-10 16:00:18 +0700
Processing by UsersController#show as HTML
  Parameters: {"id"=>"1"}
  [1m[36mUser Load (0.2ms)[0m  [1mSELECT  "users".* FROM "users" WHERE "users"."id" = ? LIMIT 1[0m  [["id", 1]]
  Rendered users/show.html.erb within layouts/application (4.7ms)
Completed 500 Internal Server Error in 8ms (ActiveRecord: 0.2ms)

ActionView::Template::Error (undefined method `each' for nil:NilClass):
    13: <p>
    14:   <strong>Micropost:</strong>
    15: 	<ul>
    16: 		<% @microposts.each do |t| %>
    17: 			<% if t.user_id == @user.id %>
    18: 				<li><%= t.content %> </li>
    19: 			<%end%>
  app/views/users/show.html.erb:16:in `_app_views_users_show_html_erb___3627660116769420424_70335077796340'


  Rendered /home/phibinh/.rvm/gems/ruby-2.3.1/gems/actionpack-4.2.6/lib/action_dispatch/middleware/templates/rescues/_source.erb (4.7ms)
  Rendered /home/phibinh/.rvm/gems/ruby-2.3.1/gems/actionpack-4.2.6/lib/action_dispatch/middleware/templates/rescues/_trace.html.erb (2.8ms)
  Rendered /home/phibinh/.rvm/gems/ruby-2.3.1/gems/actionpack-4.2.6/lib/action_dispatch/middleware/templates/rescues/_request_and_response.html.erb (1.0ms)
  Rendered /home/phibinh/.rvm/gems/ruby-2.3.1/gems/actionpack-4.2.6/lib/action_dispatch/middleware/templates/rescues/template_error.html.erb within rescues/layout (19.8ms)
  Rendered /home/phibinh/.rvm/gems/ruby-2.3.1/gems/web-console-2.3.0/lib/web_console/templates/_markup.html.erb (0.3ms)
  Rendered /home/phibinh/.rvm/gems/ruby-2.3.1/gems/web-console-2.3.0/lib/web_console/templates/_inner_console_markup.html.erb within layouts/inlined_string (0.3ms)
  Rendered /home/phibinh/.rvm/gems/ruby-2.3.1/gems/web-console-2.3.0/lib/web_console/templates/_prompt_box_markup.html.erb within layouts/inlined_string (0.3ms)
  Rendered /home/phibinh/.rvm/gems/ruby-2.3.1/gems/web-console-2.3.0/lib/web_console/templates/style.css.erb within layouts/inlined_string (0.3ms)
  Rendered /home/phibinh/.rvm/gems/ruby-2.3.1/gems/web-console-2.3.0/lib/web_console/templates/console.js.erb within layouts/javascript (13.3ms)
  Rendered /home/phibinh/.rvm/gems/ruby-2.3.1/gems/web-console-2.3.0/lib/web_console/templates/main.js.erb within layouts/javascript (0.3ms)
  Rendered /home/phibinh/.rvm/gems/ruby-2.3.1/gems/web-console-2.3.0/lib/web_console/templates/error_page.js.erb within layouts/javascript (0.8ms)
  Rendered /home/phibinh/.rvm/gems/ruby-2.3.1/gems/web-console-2.3.0/lib/web_console/templates/index.html.erb (27.7ms)


Started GET "/users/1" for 127.0.0.1 at 2016-09-10 16:01:36 +0700
Processing by UsersController#show as HTML
  Parameters: {"id"=>"1"}
  [1m[35mUser Load (0.1ms)[0m  SELECT  "users".* FROM "users" WHERE "users"."id" = ? LIMIT 1  [["id", 1]]
  Rendered users/show.html.erb within layouts/application (2.3ms)
Completed 500 Internal Server Error in 5ms (ActiveRecord: 0.1ms)

ActionView::Template::Error (undefined method `each' for nil:NilClass):
    13: <p>
    14:   <strong>Microposts:</strong>
    15: 	<ul>
    16: 		<% @microposts.each do |t| %>
    17: 			<% if t.user_id == @user.id %>
    18: 				<li><%= t.content %> </li>
    19: 			<%end%>
  app/views/users/show.html.erb:16:in `_app_views_users_show_html_erb___3627660116769420424_5383320'


  Rendered /home/phibinh/.rvm/gems/ruby-2.3.1/gems/actionpack-4.2.6/lib/action_dispatch/middleware/templates/rescues/_source.erb (4.1ms)
  Rendered /home/phibinh/.rvm/gems/ruby-2.3.1/gems/actionpack-4.2.6/lib/action_dispatch/middleware/templates/rescues/_trace.html.erb (1.7ms)
  Rendered /home/phibinh/.rvm/gems/ruby-2.3.1/gems/actionpack-4.2.6/lib/action_dispatch/middleware/templates/rescues/_request_and_response.html.erb (0.6ms)
  Rendered /home/phibinh/.rvm/gems/ruby-2.3.1/gems/actionpack-4.2.6/lib/action_dispatch/middleware/templates/rescues/template_error.html.erb within rescues/layout (17.2ms)
  Rendered /home/phibinh/.rvm/gems/ruby-2.3.1/gems/web-console-2.3.0/lib/web_console/templates/_markup.html.erb (0.3ms)
  Rendered /home/phibinh/.rvm/gems/ruby-2.3.1/gems/web-console-2.3.0/lib/web_console/templates/_inner_console_markup.html.erb within layouts/inlined_string (0.2ms)
  Rendered /home/phibinh/.rvm/gems/ruby-2.3.1/gems/web-console-2.3.0/lib/web_console/templates/_prompt_box_markup.html.erb within layouts/inlined_string (0.3ms)
  Rendered /home/phibinh/.rvm/gems/ruby-2.3.1/gems/web-console-2.3.0/lib/web_console/templates/style.css.erb within layouts/inlined_string (0.3ms)
  Rendered /home/phibinh/.rvm/gems/ruby-2.3.1/gems/web-console-2.3.0/lib/web_console/templates/console.js.erb within layouts/javascript (13.3ms)
  Rendered /home/phibinh/.rvm/gems/ruby-2.3.1/gems/web-console-2.3.0/lib/web_console/templates/main.js.erb within layouts/javascript (0.2ms)
  Rendered /home/phibinh/.rvm/gems/ruby-2.3.1/gems/web-console-2.3.0/lib/web_console/templates/error_page.js.erb within layouts/javascript (0.2ms)
  Rendered /home/phibinh/.rvm/gems/ruby-2.3.1/gems/web-console-2.3.0/lib/web_console/templates/index.html.erb (26.0ms)


Started GET "/microposts" for 127.0.0.1 at 2016-09-10 16:01:54 +0700
Processing by MicropostsController#index as HTML
  [1m[36mMicropost Load (0.1ms)[0m  [1mSELECT "microposts".* FROM "microposts"[0m
  Rendered microposts/index.html.erb within layouts/application (1.2ms)
Completed 200 OK in 15ms (Views: 14.5ms | ActiveRecord: 0.1ms)


Started GET "/microposts" for 127.0.0.1 at 2016-09-10 16:03:42 +0700
Processing by MicropostsController#index as HTML
  [1m[35mMicropost Load (0.2ms)[0m  SELECT "microposts".* FROM "microposts"
  Rendered microposts/index.html.erb within layouts/application (5.3ms)
Completed 200 OK in 19ms (Views: 17.6ms | ActiveRecord: 0.5ms)


Started GET "/users" for 127.0.0.1 at 2016-09-10 16:03:45 +0700
Processing by UsersController#index as HTML
  [1m[36mUser Load (0.1ms)[0m  [1mSELECT "users".* FROM "users"[0m
  Rendered users/index.html.erb within layouts/application (3.2ms)
Completed 200 OK in 21ms (Views: 18.9ms | ActiveRecord: 0.2ms)


Started GET "/users/1" for 127.0.0.1 at 2016-09-10 16:03:47 +0700
Processing by UsersController#show as HTML
  Parameters: {"id"=>"1"}
  [1m[35mUser Load (0.1ms)[0m  SELECT  "users".* FROM "users" WHERE "users"."id" = ? LIMIT 1  [["id", 1]]
  Rendered users/show.html.erb within layouts/application (2.8ms)
Completed 500 Internal Server Error in 5ms (ActiveRecord: 0.1ms)

ActionView::Template::Error (undefined method `each' for nil:NilClass):
    13: <p>
    14:   <strong>Microposts:</strong>
    15: 	<ul>
    16: 		<% @microposts.each do |t| %>
    17: 			<% if t.user_id == @user.id %>
    18: 				<li><%= t.content %> </li>
    19: 			<%end%>
  app/views/users/show.html.erb:16:in `_app_views_users_show_html_erb___3627660116769420424_5383320'


  Rendered /home/phibinh/.rvm/gems/ruby-2.3.1/gems/actionpack-4.2.6/lib/action_dispatch/middleware/templates/rescues/_source.erb (3.8ms)
  Rendered /home/phibinh/.rvm/gems/ruby-2.3.1/gems/actionpack-4.2.6/lib/action_dispatch/middleware/templates/rescues/_trace.html.erb (1.6ms)
  Rendered /home/phibinh/.rvm/gems/ruby-2.3.1/gems/actionpack-4.2.6/lib/action_dispatch/middleware/templates/rescues/_request_and_response.html.erb (0.6ms)
  Rendered /home/phibinh/.rvm/gems/ruby-2.3.1/gems/actionpack-4.2.6/lib/action_dispatch/middleware/templates/rescues/template_error.html.erb within rescues/layout (16.0ms)
  Rendered /home/phibinh/.rvm/gems/ruby-2.3.1/gems/web-console-2.3.0/lib/web_console/templates/_markup.html.erb (0.3ms)
  Rendered /home/phibinh/.rvm/gems/ruby-2.3.1/gems/web-console-2.3.0/lib/web_console/templates/_inner_console_markup.html.erb within layouts/inlined_string (0.2ms)
  Rendered /home/phibinh/.rvm/gems/ruby-2.3.1/gems/web-console-2.3.0/lib/web_console/templates/_prompt_box_markup.html.erb within layouts/inlined_string (0.2ms)
  Rendered /home/phibinh/.rvm/gems/ruby-2.3.1/gems/web-console-2.3.0/lib/web_console/templates/style.css.erb within layouts/inlined_string (0.3ms)
  Rendered /home/phibinh/.rvm/gems/ruby-2.3.1/gems/web-console-2.3.0/lib/web_console/templates/console.js.erb within layouts/javascript (12.2ms)
  Rendered /home/phibinh/.rvm/gems/ruby-2.3.1/gems/web-console-2.3.0/lib/web_console/templates/main.js.erb within layouts/javascript (0.2ms)
  Rendered /home/phibinh/.rvm/gems/ruby-2.3.1/gems/web-console-2.3.0/lib/web_console/templates/error_page.js.erb within layouts/javascript (0.4ms)
  Rendered /home/phibinh/.rvm/gems/ruby-2.3.1/gems/web-console-2.3.0/lib/web_console/templates/index.html.erb (25.0ms)
  [1m[36mMicropost Load (0.1ms)[0m  [1mSELECT  "microposts".* FROM "microposts"  ORDER BY "microposts"."id" ASC LIMIT 1[0m


Started GET "/microposts/" for 127.0.0.1 at 2016-09-10 16:10:13 +0700
  [1m[36mActiveRecord::SchemaMigration Load (0.1ms)[0m  [1mSELECT "schema_migrations".* FROM "schema_migrations"[0m
Processing by MicropostsController#index as HTML
  [1m[35mMicropost Load (0.1ms)[0m  SELECT "microposts".* FROM "microposts"
  Rendered microposts/index.html.erb within layouts/application (5.2ms)
Completed 200 OK in 202ms (Views: 193.6ms | ActiveRecord: 0.3ms)


Started GET "/microposts/2/edit" for 127.0.0.1 at 2016-09-10 16:10:58 +0700
Processing by MicropostsController#edit as HTML
  Parameters: {"id"=>"2"}
  [1m[36mMicropost Load (0.4ms)[0m  [1mSELECT  "microposts".* FROM "microposts" WHERE "microposts"."id" = ? LIMIT 1[0m  [["id", 2]]
  Rendered microposts/_form.html.erb (9.1ms)
  Rendered microposts/edit.html.erb within layouts/application (11.5ms)
Completed 200 OK in 31ms (Views: 22.9ms | ActiveRecord: 0.4ms)


Started GET "/users" for 127.0.0.1 at 2016-09-10 16:12:59 +0700
Processing by UsersController#index as HTML
  [1m[35mUser Load (0.2ms)[0m  SELECT "users".* FROM "users"
  Rendered users/index.html.erb within layouts/application (4.2ms)
Completed 200 OK in 18ms (Views: 16.4ms | ActiveRecord: 0.4ms)


Started GET "/users/1" for 127.0.0.1 at 2016-09-10 16:13:01 +0700
Processing by UsersController#show as HTML
  Parameters: {"id"=>"1"}
  [1m[36mUser Load (0.2ms)[0m  [1mSELECT  "users".* FROM "users" WHERE "users"."id" = ? LIMIT 1[0m  [["id", 1]]
  [1m[35mMicropost Load (0.3ms)[0m  SELECT "microposts".* FROM "microposts"
  Rendered users/show.html.erb within layouts/application (4.6ms)
Completed 200 OK in 18ms (Views: 15.1ms | ActiveRecord: 0.6ms)


Started GET "/users/2" for 127.0.0.1 at 2016-09-10 16:15:27 +0700
Processing by UsersController#show as HTML
  Parameters: {"id"=>"2"}
  [1m[36mUser Load (0.1ms)[0m  [1mSELECT  "users".* FROM "users" WHERE "users"."id" = ? LIMIT 1[0m  [["id", 2]]
  [1m[35mMicropost Load (0.2ms)[0m  SELECT "microposts".* FROM "microposts"
  Rendered users/show.html.erb within layouts/application (1.0ms)
Completed 200 OK in 14ms (Views: 13.1ms | ActiveRecord: 0.3ms)


Started GET "/users/2" for 127.0.0.1 at 2016-09-10 16:20:56 +0700
Processing by UsersController#show as HTML
  Parameters: {"id"=>"2"}
  [1m[36mUser Load (0.1ms)[0m  [1mSELECT  "users".* FROM "users" WHERE "users"."id" = ? LIMIT 1[0m  [["id", 2]]
  [1m[35mMicropost Load (0.2ms)[0m  SELECT "microposts".* FROM "microposts"
  Rendered users/show.html.erb within layouts/application (0.8ms)
Completed 200 OK in 14ms (Views: 13.3ms | ActiveRecord: 0.3ms)


Started GET "/users/1" for 127.0.0.1 at 2016-09-10 16:20:58 +0700
Processing by UsersController#show as HTML
  Parameters: {"id"=>"1"}
  [1m[36mUser Load (0.1ms)[0m  [1mSELECT  "users".* FROM "users" WHERE "users"."id" = ? LIMIT 1[0m  [["id", 1]]
  [1m[35mMicropost Load (0.1ms)[0m  SELECT "microposts".* FROM "microposts"
  Rendered users/show.html.erb within layouts/application (1.7ms)
Completed 200 OK in 16ms (Views: 14.5ms | ActiveRecord: 0.3ms)


Started GET "/users/" for 127.0.0.1 at 2016-09-10 16:21:01 +0700
Processing by UsersController#index as HTML
  [1m[36mUser Load (0.2ms)[0m  [1mSELECT "users".* FROM "users"[0m
  Rendered users/index.html.erb within layouts/application (2.8ms)
Completed 200 OK in 18ms (Views: 16.6ms | ActiveRecord: 0.2ms)


Started GET "/microposts" for 127.0.0.1 at 2016-09-10 16:21:07 +0700
Processing by MicropostsController#index as HTML
  [1m[35mMicropost Load (0.1ms)[0m  SELECT "microposts".* FROM "microposts"
  Rendered microposts/index.html.erb within layouts/application (1.7ms)
Completed 200 OK in 17ms (Views: 15.7ms | ActiveRecord: 0.1ms)


Started GET "/microposts/new" for 127.0.0.1 at 2016-09-10 16:21:09 +0700
Processing by MicropostsController#new as HTML
  Rendered microposts/_form.html.erb (1.4ms)
  Rendered microposts/new.html.erb within layouts/application (2.4ms)
Completed 500 Internal Server Error in 5ms (ActiveRecord: 0.0ms)

SyntaxError (/home/phibinh/BinhPd/Ruby Code/Week2/demo_app/app/views/microposts/_form.html.erb:21: syntax error, unexpected ')'
...er, :id, :name,prompt: true)> );@output_buffer.safe_append='
...                               ^
/home/phibinh/BinhPd/Ruby Code/Week2/demo_app/app/views/microposts/_form.html.erb:26: syntax error, unexpected keyword_end, expecting ')'
'.freeze; end 
             ^
/home/phibinh/BinhPd/Ruby Code/Week2/demo_app/app/views/microposts/_form.html.erb:28: syntax error, unexpected keyword_ensure, expecting ')'
/home/phibinh/BinhPd/Ruby Code/Week2/demo_app/app/views/microposts/_form.html.erb:30: syntax error, unexpected keyword_end, expecting ')'):
  app/views/microposts/_form.html.erb:21: syntax error, unexpected ')'
  app/views/microposts/_form.html.erb:26: syntax error, unexpected keyword_end, expecting ')'
  app/views/microposts/_form.html.erb:28: syntax error, unexpected keyword_ensure, expecting ')'
  app/views/microposts/_form.html.erb:30: syntax error, unexpected keyword_end, expecting ')'
  app/views/microposts/new.html.erb:3:in `_app_views_microposts_new_html_erb___3868605935289383204_70209842450380'


  Rendered /home/phibinh/.rvm/gems/ruby-2.3.1/gems/actionpack-4.2.6/lib/action_dispatch/middleware/templates/rescues/_source.erb (4.9ms)
  Rendered /home/phibinh/.rvm/gems/ruby-2.3.1/gems/actionpack-4.2.6/lib/action_dispatch/middleware/templates/rescues/_trace.html.erb (2.1ms)
  Rendered /home/phibinh/.rvm/gems/ruby-2.3.1/gems/actionpack-4.2.6/lib/action_dispatch/middleware/templates/rescues/_request_and_response.html.erb (0.6ms)
  Rendered /home/phibinh/.rvm/gems/ruby-2.3.1/gems/actionpack-4.2.6/lib/action_dispatch/middleware/templates/rescues/diagnostics.html.erb within rescues/layout (17.9ms)
  Rendered /home/phibinh/.rvm/gems/ruby-2.3.1/gems/web-console-2.3.0/lib/web_console/templates/_markup.html.erb (0.3ms)
  Rendered /home/phibinh/.rvm/gems/ruby-2.3.1/gems/web-console-2.3.0/lib/web_console/templates/_inner_console_markup.html.erb within layouts/inlined_string (0.2ms)
  Rendered /home/phibinh/.rvm/gems/ruby-2.3.1/gems/web-console-2.3.0/lib/web_console/templates/_prompt_box_markup.html.erb within layouts/inlined_string (0.3ms)
  Rendered /home/phibinh/.rvm/gems/ruby-2.3.1/gems/web-console-2.3.0/lib/web_console/templates/style.css.erb within layouts/inlined_string (0.3ms)
  Rendered /home/phibinh/.rvm/gems/ruby-2.3.1/gems/web-console-2.3.0/lib/web_console/templates/console.js.erb within layouts/javascript (12.9ms)
  Rendered /home/phibinh/.rvm/gems/ruby-2.3.1/gems/web-console-2.3.0/lib/web_console/templates/main.js.erb within layouts/javascript (0.2ms)
  Rendered /home/phibinh/.rvm/gems/ruby-2.3.1/gems/web-console-2.3.0/lib/web_console/templates/error_page.js.erb within layouts/javascript (0.2ms)
  Rendered /home/phibinh/.rvm/gems/ruby-2.3.1/gems/web-console-2.3.0/lib/web_console/templates/index.html.erb (25.1ms)


Started GET "/microposts/new" for 127.0.0.1 at 2016-09-10 16:21:44 +0700
Processing by MicropostsController#new as HTML
  Rendered microposts/_form.html.erb (6.8ms)
  Rendered microposts/new.html.erb within layouts/application (7.5ms)
Completed 500 Internal Server Error in 10ms (ActiveRecord: 0.0ms)

ActionView::Template::Error (undefined method `map' for nil:NilClass
Did you mean?  tap):
    18:   <div class="field">
    19:     <%= f.label :user_id %><br>
    20:     <%#= f.number_field :user_id %>
    21:     <%= collection_select(:micropost, :user_id, @user, :id, :name,prompt: true) %>
    22:   </div>
    23:   <div class="actions">
    24:     <%= f.submit %>
  app/views/microposts/_form.html.erb:21:in `block in _app_views_microposts__form_html_erb___1784164849775766911_70209840149740'
  app/views/microposts/_form.html.erb:1:in `_app_views_microposts__form_html_erb___1784164849775766911_70209840149740'
  app/views/microposts/new.html.erb:3:in `_app_views_microposts_new_html_erb___3868605935289383204_70209842450380'


  Rendered /home/phibinh/.rvm/gems/ruby-2.3.1/gems/actionpack-4.2.6/lib/action_dispatch/middleware/templates/rescues/_source.erb (5.0ms)
  Rendered /home/phibinh/.rvm/gems/ruby-2.3.1/gems/actionpack-4.2.6/lib/action_dispatch/middleware/templates/rescues/_trace.html.erb (1.9ms)
  Rendered /home/phibinh/.rvm/gems/ruby-2.3.1/gems/actionpack-4.2.6/lib/action_dispatch/middleware/templates/rescues/_request_and_response.html.erb (0.6ms)
  Rendered /home/phibinh/.rvm/gems/ruby-2.3.1/gems/actionpack-4.2.6/lib/action_dispatch/middleware/templates/rescues/template_error.html.erb within rescues/layout (18.0ms)
  Rendered /home/phibinh/.rvm/gems/ruby-2.3.1/gems/web-console-2.3.0/lib/web_console/templates/_markup.html.erb (0.3ms)
  Rendered /home/phibinh/.rvm/gems/ruby-2.3.1/gems/web-console-2.3.0/lib/web_console/templates/_inner_console_markup.html.erb within layouts/inlined_string (0.2ms)
  Rendered /home/phibinh/.rvm/gems/ruby-2.3.1/gems/web-console-2.3.0/lib/web_console/templates/_prompt_box_markup.html.erb within layouts/inlined_string (0.3ms)
  Rendered /home/phibinh/.rvm/gems/ruby-2.3.1/gems/web-console-2.3.0/lib/web_console/templates/style.css.erb within layouts/inlined_string (0.3ms)
  Rendered /home/phibinh/.rvm/gems/ruby-2.3.1/gems/web-console-2.3.0/lib/web_console/templates/console.js.erb within layouts/javascript (13.6ms)
  Rendered /home/phibinh/.rvm/gems/ruby-2.3.1/gems/web-console-2.3.0/lib/web_console/templates/main.js.erb within layouts/javascript (0.2ms)
  Rendered /home/phibinh/.rvm/gems/ruby-2.3.1/gems/web-console-2.3.0/lib/web_console/templates/error_page.js.erb within layouts/javascript (0.3ms)
  Rendered /home/phibinh/.rvm/gems/ruby-2.3.1/gems/web-console-2.3.0/lib/web_console/templates/index.html.erb (26.9ms)


Started GET "/microposts/new" for 127.0.0.1 at 2016-09-10 16:22:10 +0700
Processing by MicropostsController#new as HTML
  Rendered microposts/_form.html.erb (4.1ms)
  Rendered microposts/new.html.erb within layouts/application (4.7ms)
Completed 500 Internal Server Error in 6ms (ActiveRecord: 0.0ms)

ActionView::Template::Error (undefined method `map' for nil:NilClass
Did you mean?  tap):
    18:   <div class="field">
    19:     <%= f.label :user_id %><br>
    20:     <%#= f.number_field :user_id %>
    21:     <%= collection_select(:micropost, :user_id, @users, :id, :name,prompt: true) %>
    22:   </div>
    23:   <div class="actions">
    24:     <%= f.submit %>
  app/views/microposts/_form.html.erb:21:in `block in _app_views_microposts__form_html_erb___1784164849775766911_70209846937400'
  app/views/microposts/_form.html.erb:1:in `_app_views_microposts__form_html_erb___1784164849775766911_70209846937400'
  app/views/microposts/new.html.erb:3:in `_app_views_microposts_new_html_erb___3868605935289383204_70209842450380'


  Rendered /home/phibinh/.rvm/gems/ruby-2.3.1/gems/actionpack-4.2.6/lib/action_dispatch/middleware/templates/rescues/_source.erb (4.7ms)
  Rendered /home/phibinh/.rvm/gems/ruby-2.3.1/gems/actionpack-4.2.6/lib/action_dispatch/middleware/templates/rescues/_trace.html.erb (2.0ms)
  Rendered /home/phibinh/.rvm/gems/ruby-2.3.1/gems/actionpack-4.2.6/lib/action_dispatch/middleware/templates/rescues/_request_and_response.html.erb (0.6ms)
  Rendered /home/phibinh/.rvm/gems/ruby-2.3.1/gems/actionpack-4.2.6/lib/action_dispatch/middleware/templates/rescues/template_error.html.erb within rescues/layout (17.7ms)
  Rendered /home/phibinh/.rvm/gems/ruby-2.3.1/gems/web-console-2.3.0/lib/web_console/templates/_markup.html.erb (0.3ms)
  Rendered /home/phibinh/.rvm/gems/ruby-2.3.1/gems/web-console-2.3.0/lib/web_console/templates/_inner_console_markup.html.erb within layouts/inlined_string (0.2ms)
  Rendered /home/phibinh/.rvm/gems/ruby-2.3.1/gems/web-console-2.3.0/lib/web_console/templates/_prompt_box_markup.html.erb within layouts/inlined_string (0.3ms)
  Rendered /home/phibinh/.rvm/gems/ruby-2.3.1/gems/web-console-2.3.0/lib/web_console/templates/style.css.erb within layouts/inlined_string (0.3ms)
  Rendered /home/phibinh/.rvm/gems/ruby-2.3.1/gems/web-console-2.3.0/lib/web_console/templates/console.js.erb within layouts/javascript (13.0ms)
  Rendered /home/phibinh/.rvm/gems/ruby-2.3.1/gems/web-console-2.3.0/lib/web_console/templates/main.js.erb within layouts/javascript (0.2ms)
  Rendered /home/phibinh/.rvm/gems/ruby-2.3.1/gems/web-console-2.3.0/lib/web_console/templates/error_page.js.erb within layouts/javascript (0.3ms)
  Rendered /home/phibinh/.rvm/gems/ruby-2.3.1/gems/web-console-2.3.0/lib/web_console/templates/index.html.erb (25.4ms)


Started GET "/microposts/new" for 127.0.0.1 at 2016-09-10 16:25:42 +0700
Processing by MicropostsController#new as HTML
  [1m[36mUser Load (0.1ms)[0m  [1mSELECT "users".* FROM "users"[0m
  Rendered microposts/_form.html.erb (4.1ms)
  Rendered microposts/new.html.erb within layouts/application (4.6ms)
Completed 200 OK in 23ms (Views: 16.5ms | ActiveRecord: 1.0ms)


Started POST "/microposts" for 127.0.0.1 at 2016-09-10 16:26:09 +0700
Processing by MicropostsController#create as HTML
  Parameters: {"utf8"=>"✓", "authenticity_token"=>"0zy9ppTv8IGuKEpY+KodJiHkutvDrAUgBpxqiQcazLCGwJjwVcoFxHezf3+4uBcsef7PPW1UYb7GvLZGBjxCEg==", "micropost"=>{"content"=>"xyzt", "user_id"=>"2"}, "commit"=>"Create Micropost"}
  [1m[35m (0.1ms)[0m  begin transaction
  [1m[36mSQL (0.2ms)[0m  [1mINSERT INTO "microposts" ("content", "user_id", "created_at", "updated_at") VALUES (?, ?, ?, ?)[0m  [["content", "xyzt"], ["user_id", 2], ["created_at", "2016-09-10 09:26:09.212027"], ["updated_at", "2016-09-10 09:26:09.212027"]]
  [1m[35m (7.1ms)[0m  commit transaction
Redirected to http://localhost:3000/microposts/5
Completed 302 Found in 10ms (ActiveRecord: 7.4ms)


Started GET "/microposts/5" for 127.0.0.1 at 2016-09-10 16:26:09 +0700
Processing by MicropostsController#show as HTML
  Parameters: {"id"=>"5"}
  [1m[36mMicropost Load (0.1ms)[0m  [1mSELECT  "microposts".* FROM "microposts" WHERE "microposts"."id" = ? LIMIT 1[0m  [["id", 5]]
  Rendered microposts/show.html.erb within layouts/application (0.6ms)
Completed 200 OK in 15ms (Views: 14.4ms | ActiveRecord: 0.1ms)


Started GET "/microposts/" for 127.0.0.1 at 2016-09-10 16:26:12 +0700
Processing by MicropostsController#index as HTML
  [1m[35mMicropost Load (0.2ms)[0m  SELECT "microposts".* FROM "microposts"
  Rendered microposts/index.html.erb within layouts/application (2.3ms)
Completed 200 OK in 16ms (Views: 15.6ms | ActiveRecord: 0.2ms)


Started GET "/users/2" for 127.0.0.1 at 2016-09-10 16:26:17 +0700
Processing by UsersController#show as HTML
  Parameters: {"id"=>"2"}
  [1m[36mUser Load (0.2ms)[0m  [1mSELECT  "users".* FROM "users" WHERE "users"."id" = ? LIMIT 1[0m  [["id", 2]]
  [1m[35mMicropost Load (0.2ms)[0m  SELECT "microposts".* FROM "microposts"
  Rendered users/show.html.erb within layouts/application (1.1ms)
Completed 200 OK in 14ms (Views: 12.5ms | ActiveRecord: 0.3ms)
